#
# There is insufficient memory for the Java Runtime Environment to continue.
# Native memory allocation (malloc) failed to allocate 1927536 bytes. Error detail: Chunk::new
# Possible reasons:
#   The system is out of physical RAM or swap space
#   This process is running with CompressedOops enabled, and the Java Heap may be blocking the growth of the native heap
# Possible solutions:
#   Reduce memory load on the system
#   Increase physical memory or swap space
#   Check if swap backing store is full
#   Decrease Java heap size (-Xmx/-Xms)
#   Decrease number of Java threads
#   Decrease Java thread stack sizes (-Xss)
#   Set larger code cache with -XX:ReservedCodeCacheSize=
#   JVM is running with Unscaled Compressed Oops mode in which the Java heap is
#     placed in the first 4GB address space. The Java Heap base address is the
#     maximum limit for the native heap growth. Please use -XX:HeapBaseMinAddress
#     to set the Java Heap base and to place the Java Heap above 4GB virtual address.
# This output file may be truncated or incomplete.
#
#  Out of Memory Error (arena.cpp:168), pid=13260, tid=2292
#
# JRE version: OpenJDK Runtime Environment (21.0.10) (build 21.0.10+-14961533-b1163.108)
# Java VM: OpenJDK 64-Bit Server VM (21.0.10+-14961533-b1163.108, mixed mode, tiered, compressed oops, compressed class ptrs, g1 gc, windows-amd64)
# No core dump will be written. Minidumps are not enabled by default on client versions of Windows
#

---------------  S U M M A R Y ------------

Command Line: --add-opens=java.base/java.lang=ALL-UNNAMED --add-opens=java.base/java.lang.invoke=ALL-UNNAMED --add-opens=java.base/java.util=ALL-UNNAMED --add-opens=java.prefs/java.util.prefs=ALL-UNNAMED --add-exports=jdk.compiler/com.sun.tools.javac.api=ALL-UNNAMED --add-exports=jdk.compiler/com.sun.tools.javac.util=ALL-UNNAMED --add-opens=java.base/java.util=ALL-UNNAMED --add-opens=java.prefs/java.util.prefs=ALL-UNNAMED --add-opens=java.base/java.nio.charset=ALL-UNNAMED --add-opens=java.base/java.net=ALL-UNNAMED --add-opens=java.base/java.util.concurrent=ALL-UNNAMED --add-opens=java.base/java.util.concurrent.atomic=ALL-UNNAMED --add-opens=java.xml/javax.xml.namespace=ALL-UNNAMED --add-opens=java.base/java.time=ALL-UNNAMED -Xmx2048m -Dfile.encoding=UTF-8 -Duser.country=US -Duser.language=en -Duser.variant -javaagent:D:\Material\DEPI\Final project\.gradle\wrapper\dists\gradle-9.3.1-bin\23ovyewtku6u96viwx3xl3oks\gradle-9.3.1\lib\agents\gradle-instrumentation-agent-9.3.1.jar org.gradle.launcher.daemon.bootstrap.GradleDaemon 9.3.1

Host: AMD Ryzen 5 PRO 4650U with Radeon Graphics, 12 cores, 15G,  Windows 10 , 64 bit Build 19041 (10.0.19041.5915)
Time: Thu May 21 19:44:01 2026 Egypt Daylight Time elapsed time: 25.938584 seconds (0d 0h 0m 25s)

---------------  T H R E A D  ---------------

Current thread (0x000001921b352630):  JavaThread "C2 CompilerThread0" daemon [_thread_in_native, id=2292, stack(0x0000007adf000000,0x0000007adf100000) (1024K)]


Current CompileTask:
C2:25938 9863   !   4       java.net.URLClassLoader::findClass (47 bytes)

Stack: [0x0000007adf000000,0x0000007adf100000]
Native frames: (J=compiled Java code, j=interpreted, Vv=VM code, C=native code)
V  [jvm.dll+0x6d78a9]
V  [jvm.dll+0x8665b3]
V  [jvm.dll+0x868bde]
V  [jvm.dll+0x8692c3]
V  [jvm.dll+0x280ee6]
V  [jvm.dll+0xc07cd]
V  [jvm.dll+0xc0d03]
V  [jvm.dll+0x3ba091]
V  [jvm.dll+0x385df7]
V  [jvm.dll+0x38526a]
V  [jvm.dll+0x249bd2]
V  [jvm.dll+0x2491a1]
V  [jvm.dll+0x1c76e4]
V  [jvm.dll+0x25891e]
V  [jvm.dll+0x256e66]
V  [jvm.dll+0x3f513e]
V  [jvm.dll+0x80fd28]
V  [jvm.dll+0x6d60fd]
C  [ucrtbase.dll+0x21bb2]
C  [KERNEL32.DLL+0x17374]
C  [ntdll.dll+0x4cc91]


---------------  P R O C E S S  ---------------

Threads class SMR info:
_java_thread_list=0x0000019225de3e00, length=106, elements={
0x00000192013042b0, 0x000001921b32d500, 0x000001921b33e670, 0x000001921b350bc0,
0x000001921b36e380, 0x000001921b363370, 0x000001921b363dd0, 0x000001921b364830,
0x000001921b352630, 0x000001921b377200, 0x000001921b5ff7d0, 0x00000192206b8d10,
0x0000019220a4e8c0, 0x0000019221e7b9c0, 0x0000019221c76220, 0x0000019220c9d010,
0x00000192206ed930, 0x00000192206ee650, 0x00000192206eb860, 0x00000192206edfc0,
0x00000192206ecc10, 0x00000192206ebef0, 0x00000192206ec580, 0x00000192206ed2a0,
0x0000019222afcef0, 0x0000019222afd580, 0x0000019222b02440, 0x0000019222b037f0,
0x0000019222b01720, 0x0000019222afdc10, 0x0000019222affce0, 0x0000019222aff650,
0x0000019222b00a00, 0x0000019222b01090, 0x0000019222b01db0, 0x0000019222afc860,
0x0000019222b03e80, 0x0000019223771540, 0x0000019223774330, 0x0000019223773ca0,
0x0000019223772260, 0x00000192237728f0, 0x0000019223770eb0, 0x0000019223771bd0,
0x0000019223772f80, 0x00000192244687a0, 0x0000019224464600, 0x0000019224463250,
0x0000019224468e30, 0x0000019224465320, 0x0000019224463f70, 0x000001922446a870,
0x0000019224468110, 0x0000019224469b50, 0x00000192244659b0, 0x0000019224467a80,
0x00000192244694c0, 0x000001922446a1e0, 0x0000019224466d60, 0x00000192244638e0,
0x0000019224464c90, 0x0000019224466040, 0x00000192244666d0, 0x00000192244673f0,
0x0000019224dbe410, 0x0000019224dc3960, 0x0000019224dc3ff0, 0x0000019224dc1f20,
0x0000019224dc32d0, 0x0000019224dbd060, 0x0000019224dc4680, 0x0000019224dc04e0,
0x0000019224dbd6f0, 0x000001922396fcc0, 0x000001922396f630, 0x0000019223971700,
0x000001922396e280, 0x0000019223970350, 0x000001922396bb20, 0x0000019223971070,
0x000001922396b490, 0x000001922396dbf0, 0x0000019223972ab0, 0x000001922396c1b0,
0x000001922396efa0, 0x00000192239709e0, 0x0000019223971d90, 0x0000019223972420,
0x000001922396c840, 0x000001922396ced0, 0x000001922396d560, 0x0000019224dc2c40,
0x0000019224dc1890, 0x000001922181a020, 0x000001922181eee0, 0x0000019221818c70,
0x000001922181a6b0, 0x0000019221819300, 0x000001922181ad40, 0x00000192218185e0,
0x000001922181c780, 0x000001922181ce10, 0x000001922181b3d0, 0x000001922181fc00,
0x0000019221819990, 0x000001922181ba60
}

Java Threads: ( => current thread )
  0x00000192013042b0 JavaThread "main"                              [_thread_blocked, id=15100, stack(0x0000007ade100000,0x0000007ade200000) (1024K)]
  0x000001921b32d500 JavaThread "Common-Cleaner"             daemon [_thread_blocked, id=25712, stack(0x0000007ade900000,0x0000007adea00000) (1024K)]
  0x000001921b33e670 JavaThread "Reference Handler"          daemon [_thread_blocked, id=2036, stack(0x0000007adea00000,0x0000007adeb00000) (1024K)]
  0x000001921b350bc0 JavaThread "Finalizer"                  daemon [_thread_blocked, id=23516, stack(0x0000007adeb00000,0x0000007adec00000) (1024K)]
  0x000001921b36e380 JavaThread "Signal Dispatcher"          daemon [_thread_blocked, id=12844, stack(0x0000007adec00000,0x0000007aded00000) (1024K)]
  0x000001921b363370 JavaThread "Attach Listener"            daemon [_thread_blocked, id=20420, stack(0x0000007aded00000,0x0000007adee00000) (1024K)]
  0x000001921b363dd0 JavaThread "Service Thread"             daemon [_thread_blocked, id=15244, stack(0x0000007adee00000,0x0000007adef00000) (1024K)]
  0x000001921b364830 JavaThread "Monitor Deflation Thread"   daemon [_thread_blocked, id=14800, stack(0x0000007adef00000,0x0000007adf000000) (1024K)]
=>0x000001921b352630 JavaThread "C2 CompilerThread0"         daemon [_thread_in_native, id=2292, stack(0x0000007adf000000,0x0000007adf100000) (1024K)]
  0x000001921b377200 JavaThread "C1 CompilerThread0"         daemon [_thread_blocked, id=3136, stack(0x0000007adf100000,0x0000007adf200000) (1024K)]
  0x000001921b5ff7d0 JavaThread "Notification Thread"        daemon [_thread_blocked, id=23436, stack(0x0000007adf200000,0x0000007adf300000) (1024K)]
  0x00000192206b8d10 JavaThread "Daemon health stats"               [_thread_blocked, id=23772, stack(0x0000007adf300000,0x0000007adf400000) (1024K)]
  0x0000019220a4e8c0 JavaThread "Incoming local TCP Connector on port 56408"        [_thread_in_native, id=1032, stack(0x0000007adfb00000,0x0000007adfc00000) (1024K)]
  0x0000019221e7b9c0 JavaThread "Daemon periodic checks"            [_thread_blocked, id=21108, stack(0x0000007adfc00000,0x0000007adfd00000) (1024K)]
  0x0000019221c76220 JavaThread "Daemon"                            [_thread_blocked, id=26088, stack(0x0000007adfd00000,0x0000007adfe00000) (1024K)]
  0x0000019220c9d010 JavaThread "Handler for socket connection from /127.0.0.1:56408 to /127.0.0.1:56409"        [_thread_in_native, id=22964, stack(0x0000007adfe00000,0x0000007adff00000) (1024K)]
  0x00000192206ed930 JavaThread "Cancel handler"                    [_thread_blocked, id=7144, stack(0x0000007adff00000,0x0000007ae0000000) (1024K)]
  0x00000192206ee650 JavaThread "Daemon worker"                     [_thread_in_native, id=23904, stack(0x0000007ae0500000,0x0000007ae0600000) (1024K)]
  0x00000192206eb860 JavaThread "Asynchronous log dispatcher for DefaultDaemonConnection: socket connection from /127.0.0.1:56408 to /127.0.0.1:56409"        [_thread_blocked, id=26292, stack(0x0000007ae0600000,0x0000007ae0700000) (1024K)]
  0x00000192206edfc0 JavaThread "Stdin handler"                     [_thread_blocked, id=21900, stack(0x0000007ae0700000,0x0000007ae0800000) (1024K)]
  0x00000192206ecc10 JavaThread "Daemon client event forwarder"        [_thread_blocked, id=3420, stack(0x0000007ae0800000,0x0000007ae0900000) (1024K)]
  0x00000192206ebef0 JavaThread "Cache worker for journal cache (D:\Material\DEPI\Final project\.gradle\caches\journal-1)"        [_thread_blocked, id=22460, stack(0x0000007ae0900000,0x0000007ae0a00000) (1024K)]
  0x00000192206ec580 JavaThread "File lock request listener"        [_thread_in_native, id=25196, stack(0x0000007ae0a00000,0x0000007ae0b00000) (1024K)]
  0x00000192206ed2a0 JavaThread "Cache worker for file hash cache (D:\Material\DEPI\Final project\.gradle\caches\9.3.1\fileHashes)"        [_thread_blocked, id=24812, stack(0x0000007ae0b00000,0x0000007ae0c00000) (1024K)]
  0x0000019222afcef0 JavaThread "Cache worker for file hash cache (D:\Material\DEPI\Final project\.gradle\9.3.1\fileHashes)"        [_thread_blocked, id=5624, stack(0x0000007ae0c00000,0x0000007ae0d00000) (1024K)]
  0x0000019222afd580 JavaThread "Cache worker for Build Output Cleanup Cache (D:\Material\DEPI\Final project\.gradle\buildOutputCleanup)"        [_thread_blocked, id=11792, stack(0x0000007ae0d00000,0x0000007ae0e00000) (1024K)]
  0x0000019222b02440 JavaThread "File watcher server"        daemon [_thread_in_native, id=23548, stack(0x0000007ae0e00000,0x0000007ae0f00000) (1024K)]
  0x0000019222b037f0 JavaThread "File watcher consumer"      daemon [_thread_blocked, id=3708, stack(0x0000007ae0f00000,0x0000007ae1000000) (1024K)]
  0x0000019222b01720 JavaThread "Cache worker for checksums cache (D:\Material\DEPI\Final project\.gradle\9.3.1\checksums)"        [_thread_blocked, id=11928, stack(0x0000007ae1000000,0x0000007ae1100000) (1024K)]
  0x0000019222afdc10 JavaThread "Cache worker for file content cache (D:\Material\DEPI\Final project\.gradle\caches\9.3.1\fileContent)"        [_thread_blocked, id=17792, stack(0x0000007ae1100000,0x0000007ae1200000) (1024K)]
  0x0000019222affce0 JavaThread "Cache worker for cache directory md-supplier (D:\Material\DEPI\Final project\.gradle\caches\9.3.1\md-supplier)"        [_thread_blocked, id=2724, stack(0x0000007ae1200000,0x0000007ae1300000) (1024K)]
  0x0000019222aff650 JavaThread "Cache worker for cache directory md-rule (D:\Material\DEPI\Final project\.gradle\caches\9.3.1\md-rule)"        [_thread_blocked, id=11560, stack(0x0000007ae1300000,0x0000007ae1400000) (1024K)]
  0x0000019222b00a00 JavaThread "jar transforms"                    [_thread_blocked, id=21324, stack(0x0000007ae1400000,0x0000007ae1500000) (1024K)]
  0x0000019222b01090 JavaThread "jar transforms Thread 2"           [_thread_blocked, id=7248, stack(0x0000007ae1500000,0x0000007ae1600000) (1024K)]
  0x0000019222b01db0 JavaThread "jar transforms Thread 3"           [_thread_blocked, id=21936, stack(0x0000007ae1600000,0x0000007ae1700000) (1024K)]
  0x0000019222afc860 JavaThread "Unconstrained build operations"        [_thread_blocked, id=25808, stack(0x0000007ae1700000,0x0000007ae1800000) (1024K)]
  0x0000019222b03e80 JavaThread "Unconstrained build operations Thread 2"        [_thread_blocked, id=23652, stack(0x0000007ae1800000,0x0000007ae1900000) (1024K)]
  0x0000019223771540 JavaThread "Unconstrained build operations Thread 3"        [_thread_blocked, id=18704, stack(0x0000007ae1900000,0x0000007ae1a00000) (1024K)]
  0x0000019223774330 JavaThread "Unconstrained build operations Thread 4"        [_thread_blocked, id=2376, stack(0x0000007ae1a00000,0x0000007ae1b00000) (1024K)]
  0x0000019223773ca0 JavaThread "Unconstrained build operations Thread 5"        [_thread_blocked, id=5864, stack(0x0000007ae1b00000,0x0000007ae1c00000) (1024K)]
  0x0000019223772260 JavaThread "Unconstrained build operations Thread 6"        [_thread_blocked, id=4664, stack(0x0000007ae1c00000,0x0000007ae1d00000) (1024K)]
  0x00000192237728f0 JavaThread "Unconstrained build operations Thread 7"        [_thread_blocked, id=24064, stack(0x0000007ae1d00000,0x0000007ae1e00000) (1024K)]
  0x0000019223770eb0 JavaThread "Unconstrained build operations Thread 8"        [_thread_blocked, id=21396, stack(0x0000007ae1e00000,0x0000007ae1f00000) (1024K)]
  0x0000019223771bd0 JavaThread "Unconstrained build operations Thread 9"        [_thread_blocked, id=25264, stack(0x0000007ae1f00000,0x0000007ae2000000) (1024K)]
  0x0000019223772f80 JavaThread "Unconstrained build operations Thread 10"        [_thread_blocked, id=8612, stack(0x0000007ae2000000,0x0000007ae2100000) (1024K)]
  0x00000192244687a0 JavaThread "Unconstrained build operations Thread 11"        [_thread_blocked, id=14548, stack(0x0000007ae2100000,0x0000007ae2200000) (1024K)]
  0x0000019224464600 JavaThread "Unconstrained build operations Thread 12"        [_thread_blocked, id=21336, stack(0x0000007ae2200000,0x0000007ae2300000) (1024K)]
  0x0000019224463250 JavaThread "Unconstrained build operations Thread 13"        [_thread_blocked, id=22904, stack(0x0000007ae2300000,0x0000007ae2400000) (1024K)]
  0x0000019224468e30 JavaThread "Unconstrained build operations Thread 14"        [_thread_blocked, id=26376, stack(0x0000007ae2400000,0x0000007ae2500000) (1024K)]
  0x0000019224465320 JavaThread "Unconstrained build operations Thread 15"        [_thread_blocked, id=22252, stack(0x0000007ae2500000,0x0000007ae2600000) (1024K)]
  0x0000019224463f70 JavaThread "Unconstrained build operations Thread 16"        [_thread_blocked, id=5124, stack(0x0000007ae2600000,0x0000007ae2700000) (1024K)]
  0x000001922446a870 JavaThread "Unconstrained build operations Thread 17"        [_thread_blocked, id=2168, stack(0x0000007ae2700000,0x0000007ae2800000) (1024K)]
  0x0000019224468110 JavaThread "Unconstrained build operations Thread 18"        [_thread_blocked, id=13196, stack(0x0000007ae2800000,0x0000007ae2900000) (1024K)]
  0x0000019224469b50 JavaThread "Unconstrained build operations Thread 19"        [_thread_blocked, id=4036, stack(0x0000007ae2900000,0x0000007ae2a00000) (1024K)]
  0x00000192244659b0 JavaThread "Unconstrained build operations Thread 20"        [_thread_blocked, id=21156, stack(0x0000007ae2a00000,0x0000007ae2b00000) (1024K)]
  0x0000019224467a80 JavaThread "jar transforms Thread 4"           [_thread_blocked, id=23368, stack(0x0000007ae2b00000,0x0000007ae2c00000) (1024K)]
  0x00000192244694c0 JavaThread "jar transforms Thread 5"           [_thread_blocked, id=18940, stack(0x0000007ae2c00000,0x0000007ae2d00000) (1024K)]
  0x000001922446a1e0 JavaThread "Unconstrained build operations Thread 21"        [_thread_blocked, id=9252, stack(0x0000007ae2d00000,0x0000007ae2e00000) (1024K)]
  0x0000019224466d60 JavaThread "Unconstrained build operations Thread 22"        [_thread_blocked, id=2544, stack(0x0000007ae2e00000,0x0000007ae2f00000) (1024K)]
  0x00000192244638e0 JavaThread "Unconstrained build operations Thread 23"        [_thread_blocked, id=21272, stack(0x0000007ae2f00000,0x0000007ae3000000) (1024K)]
  0x0000019224464c90 JavaThread "Unconstrained build operations Thread 24"        [_thread_blocked, id=26108, stack(0x0000007ae3000000,0x0000007ae3100000) (1024K)]
  0x0000019224466040 JavaThread "Unconstrained build operations Thread 25"        [_thread_blocked, id=22980, stack(0x0000007ae3100000,0x0000007ae3200000) (1024K)]
  0x00000192244666d0 JavaThread "Unconstrained build operations Thread 26"        [_thread_blocked, id=23252, stack(0x0000007ae3200000,0x0000007ae3300000) (1024K)]
  0x00000192244673f0 JavaThread "Unconstrained build operations Thread 27"        [_thread_blocked, id=10336, stack(0x0000007ae3300000,0x0000007ae3400000) (1024K)]
  0x0000019224dbe410 JavaThread "Unconstrained build operations Thread 28"        [_thread_blocked, id=168, stack(0x0000007ae3400000,0x0000007ae3500000) (1024K)]
  0x0000019224dc3960 JavaThread "Unconstrained build operations Thread 29"        [_thread_blocked, id=26176, stack(0x0000007ae3500000,0x0000007ae3600000) (1024K)]
  0x0000019224dc3ff0 JavaThread "Unconstrained build operations Thread 30"        [_thread_blocked, id=5764, stack(0x0000007ae3600000,0x0000007ae3700000) (1024K)]
  0x0000019224dc1f20 JavaThread "jar transforms Thread 6"           [_thread_blocked, id=1560, stack(0x0000007ae3700000,0x0000007ae3800000) (1024K)]
  0x0000019224dc32d0 JavaThread "jar transforms Thread 7"           [_thread_blocked, id=22624, stack(0x0000007ae3800000,0x0000007ae3900000) (1024K)]
  0x0000019224dbd060 JavaThread "jar transforms Thread 8"           [_thread_blocked, id=252, stack(0x0000007ae3900000,0x0000007ae3a00000) (1024K)]
  0x0000019224dc4680 JavaThread "Unconstrained build operations Thread 31"        [_thread_blocked, id=10944, stack(0x0000007adfa00000,0x0000007adfb00000) (1024K)]
  0x0000019224dc04e0 JavaThread "Unconstrained build operations Thread 32"        [_thread_blocked, id=23856, stack(0x0000007ae3b00000,0x0000007ae3c00000) (1024K)]
  0x0000019224dbd6f0 JavaThread "Unconstrained build operations Thread 33"        [_thread_blocked, id=5808, stack(0x0000007ae3c00000,0x0000007ae3d00000) (1024K)]
  0x000001922396fcc0 JavaThread "Unconstrained build operations Thread 34"        [_thread_blocked, id=6516, stack(0x0000007ae3e00000,0x0000007ae3f00000) (1024K)]
  0x000001922396f630 JavaThread "Unconstrained build operations Thread 35"        [_thread_blocked, id=23728, stack(0x0000007ae3f00000,0x0000007ae4000000) (1024K)]
  0x0000019223971700 JavaThread "Unconstrained build operations Thread 36"        [_thread_blocked, id=26424, stack(0x0000007ae4000000,0x0000007ae4100000) (1024K)]
  0x000001922396e280 JavaThread "Unconstrained build operations Thread 37"        [_thread_blocked, id=816, stack(0x0000007ae4100000,0x0000007ae4200000) (1024K)]
  0x0000019223970350 JavaThread "Unconstrained build operations Thread 38"        [_thread_blocked, id=2204, stack(0x0000007ae4200000,0x0000007ae4300000) (1024K)]
  0x000001922396bb20 JavaThread "Unconstrained build operations Thread 39"        [_thread_blocked, id=24880, stack(0x0000007ae4300000,0x0000007ae4400000) (1024K)]
  0x0000019223971070 JavaThread "Unconstrained build operations Thread 40"        [_thread_blocked, id=22892, stack(0x0000007ae4400000,0x0000007ae4500000) (1024K)]
  0x000001922396b490 JavaThread "Unconstrained build operations Thread 41"        [_thread_blocked, id=11208, stack(0x0000007ae4500000,0x0000007ae4600000) (1024K)]
  0x000001922396dbf0 JavaThread "Unconstrained build operations Thread 42"        [_thread_blocked, id=14456, stack(0x0000007ae4600000,0x0000007ae4700000) (1024K)]
  0x0000019223972ab0 JavaThread "Unconstrained build operations Thread 43"        [_thread_blocked, id=5524, stack(0x0000007ae4700000,0x0000007ae4800000) (1024K)]
  0x000001922396c1b0 JavaThread "Unconstrained build operations Thread 44"        [_thread_blocked, id=22180, stack(0x0000007ae4800000,0x0000007ae4900000) (1024K)]
  0x000001922396efa0 JavaThread "Unconstrained build operations Thread 45"        [_thread_blocked, id=22912, stack(0x0000007ae4900000,0x0000007ae4a00000) (1024K)]
  0x00000192239709e0 JavaThread "Unconstrained build operations Thread 46"        [_thread_blocked, id=14048, stack(0x0000007ae4a00000,0x0000007ae4b00000) (1024K)]
  0x0000019223971d90 JavaThread "Unconstrained build operations Thread 47"        [_thread_blocked, id=23944, stack(0x0000007ae4b00000,0x0000007ae4c00000) (1024K)]
  0x0000019223972420 JavaThread "Unconstrained build operations Thread 48"        [_thread_blocked, id=25124, stack(0x0000007ae4c00000,0x0000007ae4d00000) (1024K)]
  0x000001922396c840 JavaThread "Unconstrained build operations Thread 49"        [_thread_blocked, id=25888, stack(0x0000007ae4d00000,0x0000007ae4e00000) (1024K)]
  0x000001922396ced0 JavaThread "Unconstrained build operations Thread 50"        [_thread_blocked, id=3732, stack(0x0000007ae4e00000,0x0000007ae4f00000) (1024K)]
  0x000001922396d560 JavaThread "Unconstrained build operations Thread 51"        [_thread_blocked, id=25120, stack(0x0000007ae4f00000,0x0000007ae5000000) (1024K)]
  0x0000019224dc2c40 JavaThread "Unconstrained build operations Thread 52"        [_thread_blocked, id=9968, stack(0x0000007ae5000000,0x0000007ae5100000) (1024K)]
  0x0000019224dc1890 JavaThread "Unconstrained build operations Thread 53"        [_thread_blocked, id=21100, stack(0x0000007ae5100000,0x0000007ae5200000) (1024K)]
  0x000001922181a020 JavaThread "Unconstrained build operations Thread 54"        [_thread_blocked, id=7788, stack(0x0000007ae5200000,0x0000007ae5300000) (1024K)]
  0x000001922181eee0 JavaThread "Unconstrained build operations Thread 55"        [_thread_blocked, id=20652, stack(0x0000007ae5300000,0x0000007ae5400000) (1024K)]
  0x0000019221818c70 JavaThread "Unconstrained build operations Thread 56"        [_thread_blocked, id=6512, stack(0x0000007ae5400000,0x0000007ae5500000) (1024K)]
  0x000001922181a6b0 JavaThread "Unconstrained build operations Thread 57"        [_thread_blocked, id=21296, stack(0x0000007ae5500000,0x0000007ae5600000) (1024K)]
  0x0000019221819300 JavaThread "Unconstrained build operations Thread 58"        [_thread_blocked, id=23004, stack(0x0000007ae5600000,0x0000007ae5700000) (1024K)]
  0x000001922181ad40 JavaThread "Unconstrained build operations Thread 59"        [_thread_blocked, id=8904, stack(0x0000007ae5700000,0x0000007ae5800000) (1024K)]
  0x00000192218185e0 JavaThread "Unconstrained build operations Thread 60"        [_thread_blocked, id=14364, stack(0x0000007ae5800000,0x0000007ae5900000) (1024K)]
  0x000001922181c780 JavaThread "Unconstrained build operations Thread 61"        [_thread_blocked, id=25324, stack(0x0000007ae5900000,0x0000007ae5a00000) (1024K)]
  0x000001922181ce10 JavaThread "Unconstrained build operations Thread 62"        [_thread_blocked, id=26536, stack(0x0000007ae5a00000,0x0000007ae5b00000) (1024K)]
  0x000001922181b3d0 JavaThread "Unconstrained build operations Thread 63"        [_thread_blocked, id=5244, stack(0x0000007ae5b00000,0x0000007ae5c00000) (1024K)]
  0x000001922181fc00 JavaThread "Unconstrained build operations Thread 64"        [_thread_blocked, id=3164, stack(0x0000007ae5c00000,0x0000007ae5d00000) (1024K)]
  0x0000019221819990 JavaThread "Unconstrained build operations Thread 65"        [_thread_blocked, id=25260, stack(0x0000007ae5d00000,0x0000007ae5e00000) (1024K)]
  0x000001922181ba60 JavaThread "Unconstrained build operations Thread 66"        [_thread_blocked, id=18740, stack(0x0000007ae5e00000,0x0000007ae5f00000) (1024K)]
Total: 106

Other Threads:
  0x000001921b2e80f0 VMThread "VM Thread"                           [id=2700, stack(0x0000007ade800000,0x0000007ade900000) (1024K)]
  0x000001921b135e30 WatcherThread "VM Periodic Task Thread"        [id=21564, stack(0x0000007ade700000,0x0000007ade800000) (1024K)]
  0x000001920363a9b0 WorkerThread "GC Thread#0"                     [id=17384, stack(0x0000007ade200000,0x0000007ade300000) (1024K)]
  0x000001921b9499f0 WorkerThread "GC Thread#1"                     [id=10176, stack(0x0000007adf400000,0x0000007adf500000) (1024K)]
  0x000001921bac6e30 WorkerThread "GC Thread#2"                     [id=3308, stack(0x0000007adf500000,0x0000007adf600000) (1024K)]
  0x000001921bac71e0 WorkerThread "GC Thread#3"                     [id=12544, stack(0x0000007adf600000,0x0000007adf700000) (1024K)]
  0x000001921b8d7540 WorkerThread "GC Thread#4"                     [id=22104, stack(0x0000007adf700000,0x0000007adf800000) (1024K)]
  0x000001921bdbb5c0 WorkerThread "GC Thread#5"                     [id=24776, stack(0x0000007adf800000,0x0000007adf900000) (1024K)]
  0x000001921bdbae60 WorkerThread "GC Thread#6"                     [id=24280, stack(0x0000007adf900000,0x0000007adfa00000) (1024K)]
  0x0000019222141a00 WorkerThread "GC Thread#7"                     [id=25256, stack(0x0000007ae0000000,0x0000007ae0100000) (1024K)]
  0x0000019222140790 WorkerThread "GC Thread#8"                     [id=25156, stack(0x0000007ae0100000,0x0000007ae0200000) (1024K)]
  0x000001922213f170 WorkerThread "GC Thread#9"                     [id=16080, stack(0x0000007ae0200000,0x0000007ae0300000) (1024K)]
  0x000001920364da50 ConcurrentGCThread "G1 Main Marker"            [id=1480, stack(0x0000007ade300000,0x0000007ade400000) (1024K)]
  0x000001920364e470 WorkerThread "G1 Conc#0"                       [id=26528, stack(0x0000007ade400000,0x0000007ade500000) (1024K)]
  0x000001922213f520 WorkerThread "G1 Conc#1"                       [id=24836, stack(0x0000007ae0300000,0x0000007ae0400000) (1024K)]
  0x00000192221428c0 WorkerThread "G1 Conc#2"                       [id=25748, stack(0x0000007ae0400000,0x0000007ae0500000) (1024K)]
  0x000001921b005af0 ConcurrentGCThread "G1 Refine#0"               [id=9940, stack(0x0000007ade500000,0x0000007ade600000) (1024K)]
  0x000001921b006480 ConcurrentGCThread "G1 Service"                [id=2264, stack(0x0000007ade600000,0x0000007ade700000) (1024K)]
Total: 18

Threads with active compile tasks:
C2 CompilerThread0  25974 9863   !   4       java.net.URLClassLoader::findClass (47 bytes)
Total: 1

VM state: not at safepoint (normal execution)

VM Mutex/Monitor currently owned by a thread: None

Heap address: 0x0000000080000000, size: 2048 MB, Compressed Oops mode: 32-bit

CDS archive(s) not mapped
Compressed class space mapped at: 0x0000000100000000-0x0000000140000000, reserved size: 1073741824
Narrow klass base: 0x0000000000000000, Narrow klass shift: 3, Narrow klass range: 0x140000000

GC Precious Log:
 CardTable entry size: 512
 Card Set container configuration: InlinePtr #cards 5 size 8 Array Of Cards #cards 12 size 40 Howl #buckets 4 coarsen threshold 1843 Howl Bitmap #cards 512 size 80 coarsen threshold 460 Card regions per heap region 1 cards per card region 2048
 CPUs: 12 total, 12 available
 Memory: 15697M
 Large Page Support: Disabled
 NUMA Support: Disabled
 Compressed Oops: Enabled (32-bit)
 Heap Region Size: 1M
 Heap Min Capacity: 8M
 Heap Initial Capacity: 246M
 Heap Max Capacity: 2G
 Pre-touch: Disabled
 Parallel Workers: 10
 Concurrent Workers: 3
 Concurrent Refinement Workers: 10
 Periodic GC: Disabled

Heap:
 garbage-first heap   total 131072K, used 116229K [0x0000000080000000, 0x0000000100000000)
  region size 1024K, 45 young (46080K), 7 survivors (7168K)
 Metaspace       used 81823K, committed 83840K, reserved 1179648K
  class space    used 11496K, committed 12480K, reserved 1048576K

Heap Regions: E=young(eden), S=young(survivor), O=old, HS=humongous(starts), HC=humongous(continues), CS=collection set, F=free, TAMS=top-at-mark-start, PB=parsable bottom
|   0|0x0000000080000000, 0x0000000080100000, 0x0000000080100000|100%|HS|  |TAMS 0x0000000080000000| PB 0x0000000080000000| Complete 
|   1|0x0000000080100000, 0x0000000080200000, 0x0000000080200000|100%|HC|  |TAMS 0x0000000080100000| PB 0x0000000080100000| Complete 
|   2|0x0000000080200000, 0x0000000080300000, 0x0000000080300000|100%|HC|  |TAMS 0x0000000080200000| PB 0x0000000080200000| Complete 
|   3|0x0000000080300000, 0x0000000080400000, 0x0000000080400000|100%|HC|  |TAMS 0x0000000080300000| PB 0x0000000080300000| Complete 
|   4|0x0000000080400000, 0x0000000080500000, 0x0000000080500000|100%| O|  |TAMS 0x0000000080400000| PB 0x0000000080400000| Untracked 
|   5|0x0000000080500000, 0x0000000080600000, 0x0000000080600000|100%| O|  |TAMS 0x0000000080500000| PB 0x0000000080500000| Untracked 
|   6|0x0000000080600000, 0x0000000080700000, 0x0000000080700000|100%| O|  |TAMS 0x0000000080600000| PB 0x0000000080600000| Untracked 
|   7|0x0000000080700000, 0x0000000080800000, 0x0000000080800000|100%|HS|  |TAMS 0x0000000080700000| PB 0x0000000080700000| Complete 
|   8|0x0000000080800000, 0x0000000080900000, 0x0000000080900000|100%| O|  |TAMS 0x0000000080800000| PB 0x0000000080800000| Untracked 
|   9|0x0000000080900000, 0x0000000080a00000, 0x0000000080a00000|100%| O|  |TAMS 0x0000000080900000| PB 0x0000000080900000| Untracked 
|  10|0x0000000080a00000, 0x0000000080b00000, 0x0000000080b00000|100%| O|  |TAMS 0x0000000080a00000| PB 0x0000000080a00000| Untracked 
|  11|0x0000000080b00000, 0x0000000080c00000, 0x0000000080c00000|100%| O|  |TAMS 0x0000000080b00000| PB 0x0000000080b00000| Untracked 
|  12|0x0000000080c00000, 0x0000000080d00000, 0x0000000080d00000|100%| O|  |TAMS 0x0000000080c00000| PB 0x0000000080c00000| Untracked 
|  13|0x0000000080d00000, 0x0000000080e00000, 0x0000000080e00000|100%| O|  |TAMS 0x0000000080d00000| PB 0x0000000080d00000| Untracked 
|  14|0x0000000080e00000, 0x0000000080f00000, 0x0000000080f00000|100%| O|  |TAMS 0x0000000080e00000| PB 0x0000000080e00000| Untracked 
|  15|0x0000000080f00000, 0x0000000081000000, 0x0000000081000000|100%| O|  |TAMS 0x0000000080f00000| PB 0x0000000080f00000| Untracked 
|  16|0x0000000081000000, 0x0000000081100000, 0x0000000081100000|100%| O|  |TAMS 0x0000000081000000| PB 0x0000000081000000| Untracked 
|  17|0x0000000081100000, 0x0000000081200000, 0x0000000081200000|100%| O|  |TAMS 0x0000000081100000| PB 0x0000000081100000| Untracked 
|  18|0x0000000081200000, 0x0000000081300000, 0x0000000081300000|100%| O|  |TAMS 0x0000000081200000| PB 0x0000000081200000| Untracked 
|  19|0x0000000081300000, 0x0000000081400000, 0x0000000081400000|100%| O|  |TAMS 0x0000000081300000| PB 0x0000000081300000| Untracked 
|  20|0x0000000081400000, 0x0000000081500000, 0x0000000081500000|100%| O|  |TAMS 0x0000000081400000| PB 0x0000000081400000| Untracked 
|  21|0x0000000081500000, 0x0000000081600000, 0x0000000081600000|100%| O|  |TAMS 0x0000000081500000| PB 0x0000000081500000| Untracked 
|  22|0x0000000081600000, 0x0000000081700000, 0x0000000081700000|100%| O|  |TAMS 0x0000000081600000| PB 0x0000000081600000| Untracked 
|  23|0x0000000081700000, 0x0000000081800000, 0x0000000081800000|100%| O|  |TAMS 0x0000000081700000| PB 0x0000000081700000| Untracked 
|  24|0x0000000081800000, 0x0000000081900000, 0x0000000081900000|100%| O|  |TAMS 0x0000000081800000| PB 0x0000000081800000| Untracked 
|  25|0x0000000081900000, 0x0000000081a00000, 0x0000000081a00000|100%| O|  |TAMS 0x0000000081900000| PB 0x0000000081900000| Untracked 
|  26|0x0000000081a00000, 0x0000000081b00000, 0x0000000081b00000|100%| O|  |TAMS 0x0000000081a00000| PB 0x0000000081a00000| Untracked 
|  27|0x0000000081b00000, 0x0000000081c00000, 0x0000000081c00000|100%| O|  |TAMS 0x0000000081b00000| PB 0x0000000081b00000| Untracked 
|  28|0x0000000081c00000, 0x0000000081d00000, 0x0000000081d00000|100%|HS|  |TAMS 0x0000000081c00000| PB 0x0000000081c00000| Complete 
|  29|0x0000000081d00000, 0x0000000081e00000, 0x0000000081e00000|100%|HC|  |TAMS 0x0000000081d00000| PB 0x0000000081d00000| Complete 
|  30|0x0000000081e00000, 0x0000000081f00000, 0x0000000081f00000|100%| O|  |TAMS 0x0000000081e00000| PB 0x0000000081e00000| Untracked 
|  31|0x0000000081f00000, 0x0000000082000000, 0x0000000082000000|100%| O|  |TAMS 0x0000000081f00000| PB 0x0000000081f00000| Untracked 
|  32|0x0000000082000000, 0x0000000082100000, 0x0000000082100000|100%|HS|  |TAMS 0x0000000082000000| PB 0x0000000082000000| Complete 
|  33|0x0000000082100000, 0x0000000082200000, 0x0000000082200000|100%| O|  |TAMS 0x0000000082100000| PB 0x0000000082100000| Untracked 
|  34|0x0000000082200000, 0x0000000082300000, 0x0000000082300000|100%| O|  |TAMS 0x0000000082200000| PB 0x0000000082200000| Untracked 
|  35|0x0000000082300000, 0x0000000082400000, 0x0000000082400000|100%| O|  |TAMS 0x0000000082300000| PB 0x0000000082300000| Untracked 
|  36|0x0000000082400000, 0x0000000082500000, 0x0000000082500000|100%| O|  |TAMS 0x0000000082400000| PB 0x0000000082400000| Untracked 
|  37|0x0000000082500000, 0x0000000082600000, 0x0000000082600000|100%| O|  |TAMS 0x0000000082500000| PB 0x0000000082500000| Untracked 
|  38|0x0000000082600000, 0x0000000082700000, 0x0000000082700000|100%| O|  |TAMS 0x0000000082600000| PB 0x0000000082600000| Untracked 
|  39|0x0000000082700000, 0x0000000082800000, 0x0000000082800000|100%| O|  |TAMS 0x0000000082700000| PB 0x0000000082700000| Untracked 
|  40|0x0000000082800000, 0x0000000082900000, 0x0000000082900000|100%| O|  |TAMS 0x0000000082800000| PB 0x0000000082800000| Untracked 
|  41|0x0000000082900000, 0x0000000082a00000, 0x0000000082a00000|100%| O|  |TAMS 0x0000000082900000| PB 0x0000000082900000| Untracked 
|  42|0x0000000082a00000, 0x0000000082b00000, 0x0000000082b00000|100%| O|  |TAMS 0x0000000082a00000| PB 0x0000000082a00000| Untracked 
|  43|0x0000000082b00000, 0x0000000082c00000, 0x0000000082c00000|100%| O|  |TAMS 0x0000000082b00000| PB 0x0000000082b00000| Untracked 
|  44|0x0000000082c00000, 0x0000000082d00000, 0x0000000082d00000|100%| O|  |TAMS 0x0000000082c00000| PB 0x0000000082c00000| Untracked 
|  45|0x0000000082d00000, 0x0000000082e00000, 0x0000000082e00000|100%| O|Cm|TAMS 0x0000000082d00000| PB 0x0000000082d00000| Complete 
|  46|0x0000000082e00000, 0x0000000082f00000, 0x0000000082f00000|100%| O|  |TAMS 0x0000000082e00000| PB 0x0000000082e00000| Untracked 
|  47|0x0000000082f00000, 0x0000000083000000, 0x0000000083000000|100%| O|  |TAMS 0x0000000082f00000| PB 0x0000000082f00000| Untracked 
|  48|0x0000000083000000, 0x0000000083100000, 0x0000000083100000|100%| O|Cm|TAMS 0x0000000083000000| PB 0x0000000083000000| Complete 
|  49|0x0000000083100000, 0x0000000083200000, 0x0000000083200000|100%| O|  |TAMS 0x0000000083100000| PB 0x0000000083100000| Untracked 
|  50|0x0000000083200000, 0x0000000083300000, 0x0000000083300000|100%|HS|  |TAMS 0x0000000083200000| PB 0x0000000083200000| Complete 
|  51|0x0000000083300000, 0x0000000083400000, 0x0000000083400000|100%|HS|  |TAMS 0x0000000083300000| PB 0x0000000083300000| Complete 
|  52|0x0000000083400000, 0x0000000083400000, 0x0000000083500000|  0%| F|  |TAMS 0x0000000083400000| PB 0x0000000083400000| Untracked 
|  53|0x0000000083500000, 0x0000000083500000, 0x0000000083600000|  0%| F|  |TAMS 0x0000000083500000| PB 0x0000000083500000| Untracked 
|  54|0x0000000083600000, 0x0000000083600000, 0x0000000083700000|  0%| F|  |TAMS 0x0000000083600000| PB 0x0000000083600000| Untracked 
|  55|0x0000000083700000, 0x0000000083700000, 0x0000000083800000|  0%| F|  |TAMS 0x0000000083700000| PB 0x0000000083700000| Untracked 
|  56|0x0000000083800000, 0x0000000083900000, 0x0000000083900000|100%|HS|  |TAMS 0x0000000083800000| PB 0x0000000083800000| Complete 
|  57|0x0000000083900000, 0x0000000083a00000, 0x0000000083a00000|100%|HC|  |TAMS 0x0000000083900000| PB 0x0000000083900000| Complete 
|  58|0x0000000083a00000, 0x0000000083b00000, 0x0000000083b00000|100%|HS|  |TAMS 0x0000000083a00000| PB 0x0000000083a00000| Complete 
|  59|0x0000000083b00000, 0x0000000083c00000, 0x0000000083c00000|100%|HC|  |TAMS 0x0000000083b00000| PB 0x0000000083b00000| Complete 
|  60|0x0000000083c00000, 0x0000000083d00000, 0x0000000083d00000|100%|HS|  |TAMS 0x0000000083c00000| PB 0x0000000083c00000| Complete 
|  61|0x0000000083d00000, 0x0000000083e00000, 0x0000000083e00000|100%|HS|  |TAMS 0x0000000083d00000| PB 0x0000000083d00000| Complete 
|  62|0x0000000083e00000, 0x0000000083e00000, 0x0000000083f00000|  0%| F|  |TAMS 0x0000000083e00000| PB 0x0000000083e00000| Untracked 
|  63|0x0000000083f00000, 0x0000000084000000, 0x0000000084000000|100%|HS|  |TAMS 0x0000000083f00000| PB 0x0000000083f00000| Complete 
|  64|0x0000000084000000, 0x0000000084000000, 0x0000000084100000|  0%| F|  |TAMS 0x0000000084000000| PB 0x0000000084000000| Untracked 
|  65|0x0000000084100000, 0x0000000084100000, 0x0000000084200000|  0%| F|  |TAMS 0x0000000084100000| PB 0x0000000084100000| Untracked 
|  66|0x0000000084200000, 0x0000000084200000, 0x0000000084300000|  0%| F|  |TAMS 0x0000000084200000| PB 0x0000000084200000| Untracked 
|  67|0x0000000084300000, 0x0000000084300000, 0x0000000084400000|  0%| F|  |TAMS 0x0000000084300000| PB 0x0000000084300000| Untracked 
|  68|0x0000000084400000, 0x0000000084400000, 0x0000000084500000|  0%| F|  |TAMS 0x0000000084400000| PB 0x0000000084400000| Untracked 
|  69|0x0000000084500000, 0x0000000084500000, 0x0000000084600000|  0%| F|  |TAMS 0x0000000084500000| PB 0x0000000084500000| Untracked 
|  70|0x0000000084600000, 0x0000000084600000, 0x0000000084700000|  0%| F|  |TAMS 0x0000000084600000| PB 0x0000000084600000| Untracked 
|  71|0x0000000084700000, 0x000000008474dcd8, 0x0000000084800000| 30%| E|  |TAMS 0x0000000084700000| PB 0x0000000084700000| Complete 
|  72|0x0000000084800000, 0x0000000084900000, 0x0000000084900000|100%| E|CS|TAMS 0x0000000084800000| PB 0x0000000084800000| Complete 
|  73|0x0000000084900000, 0x0000000084a00000, 0x0000000084a00000|100%| E|CS|TAMS 0x0000000084900000| PB 0x0000000084900000| Complete 
|  74|0x0000000084a00000, 0x0000000084b00000, 0x0000000084b00000|100%| E|CS|TAMS 0x0000000084a00000| PB 0x0000000084a00000| Complete 
|  75|0x0000000084b00000, 0x0000000084c00000, 0x0000000084c00000|100%| E|CS|TAMS 0x0000000084b00000| PB 0x0000000084b00000| Complete 
|  76|0x0000000084c00000, 0x0000000084d00000, 0x0000000084d00000|100%| E|CS|TAMS 0x0000000084c00000| PB 0x0000000084c00000| Complete 
|  77|0x0000000084d00000, 0x0000000084e00000, 0x0000000084e00000|100%| E|CS|TAMS 0x0000000084d00000| PB 0x0000000084d00000| Complete 
|  78|0x0000000084e00000, 0x0000000084f00000, 0x0000000084f00000|100%| E|CS|TAMS 0x0000000084e00000| PB 0x0000000084e00000| Complete 
|  79|0x0000000084f00000, 0x0000000085000000, 0x0000000085000000|100%| E|CS|TAMS 0x0000000084f00000| PB 0x0000000084f00000| Complete 
|  80|0x0000000085000000, 0x0000000085100000, 0x0000000085100000|100%| E|CS|TAMS 0x0000000085000000| PB 0x0000000085000000| Complete 
|  81|0x0000000085100000, 0x0000000085200000, 0x0000000085200000|100%| E|CS|TAMS 0x0000000085100000| PB 0x0000000085100000| Complete 
|  82|0x0000000085200000, 0x0000000085300000, 0x0000000085300000|100%| E|CS|TAMS 0x0000000085200000| PB 0x0000000085200000| Complete 
|  83|0x0000000085300000, 0x0000000085400000, 0x0000000085400000|100%| E|CS|TAMS 0x0000000085300000| PB 0x0000000085300000| Complete 
|  84|0x0000000085400000, 0x0000000085500000, 0x0000000085500000|100%| E|CS|TAMS 0x0000000085400000| PB 0x0000000085400000| Complete 
|  85|0x0000000085500000, 0x0000000085600000, 0x0000000085600000|100%| E|CS|TAMS 0x0000000085500000| PB 0x0000000085500000| Complete 
|  86|0x0000000085600000, 0x0000000085700000, 0x0000000085700000|100%| E|CS|TAMS 0x0000000085600000| PB 0x0000000085600000| Complete 
|  87|0x0000000085700000, 0x0000000085800000, 0x0000000085800000|100%| E|CS|TAMS 0x0000000085700000| PB 0x0000000085700000| Complete 
|  88|0x0000000085800000, 0x0000000085900000, 0x0000000085900000|100%| E|CS|TAMS 0x0000000085800000| PB 0x0000000085800000| Complete 
|  89|0x0000000085900000, 0x0000000085a00000, 0x0000000085a00000|100%| E|CS|TAMS 0x0000000085900000| PB 0x0000000085900000| Complete 
|  90|0x0000000085a00000, 0x0000000085b00000, 0x0000000085b00000|100%| E|CS|TAMS 0x0000000085a00000| PB 0x0000000085a00000| Complete 
|  91|0x0000000085b00000, 0x0000000085c00000, 0x0000000085c00000|100%| E|CS|TAMS 0x0000000085b00000| PB 0x0000000085b00000| Complete 
|  92|0x0000000085c00000, 0x0000000085d00000, 0x0000000085d00000|100%| E|CS|TAMS 0x0000000085c00000| PB 0x0000000085c00000| Complete 
|  93|0x0000000085d00000, 0x0000000085e00000, 0x0000000085e00000|100%| E|CS|TAMS 0x0000000085d00000| PB 0x0000000085d00000| Complete 
|  94|0x0000000085e00000, 0x0000000085f00000, 0x0000000085f00000|100%| E|  |TAMS 0x0000000085e00000| PB 0x0000000085e00000| Complete 
|  95|0x0000000085f00000, 0x0000000086000000, 0x0000000086000000|100%| E|CS|TAMS 0x0000000085f00000| PB 0x0000000085f00000| Complete 
|  96|0x0000000086000000, 0x0000000086100000, 0x0000000086100000|100%| S|CS|TAMS 0x0000000086000000| PB 0x0000000086000000| Complete 
|  97|0x0000000086100000, 0x0000000086200000, 0x0000000086200000|100%| S|CS|TAMS 0x0000000086100000| PB 0x0000000086100000| Complete 
|  98|0x0000000086200000, 0x0000000086300000, 0x0000000086300000|100%| S|CS|TAMS 0x0000000086200000| PB 0x0000000086200000| Complete 
|  99|0x0000000086300000, 0x0000000086400000, 0x0000000086400000|100%| S|CS|TAMS 0x0000000086300000| PB 0x0000000086300000| Complete 
| 100|0x0000000086400000, 0x0000000086500000, 0x0000000086500000|100%| S|CS|TAMS 0x0000000086400000| PB 0x0000000086400000| Complete 
| 101|0x0000000086500000, 0x0000000086600000, 0x0000000086600000|100%| S|CS|TAMS 0x0000000086500000| PB 0x0000000086500000| Complete 
| 102|0x0000000086600000, 0x0000000086700000, 0x0000000086700000|100%| S|CS|TAMS 0x0000000086600000| PB 0x0000000086600000| Complete 
| 215|0x000000008d700000, 0x000000008d800000, 0x000000008d800000|100%| E|CS|TAMS 0x000000008d700000| PB 0x000000008d700000| Complete 
| 216|0x000000008d800000, 0x000000008d900000, 0x000000008d900000|100%| E|CS|TAMS 0x000000008d800000| PB 0x000000008d800000| Complete 
| 217|0x000000008d900000, 0x000000008da00000, 0x000000008da00000|100%| E|CS|TAMS 0x000000008d900000| PB 0x000000008d900000| Complete 
| 218|0x000000008da00000, 0x000000008db00000, 0x000000008db00000|100%| E|CS|TAMS 0x000000008da00000| PB 0x000000008da00000| Complete 
| 219|0x000000008db00000, 0x000000008dc00000, 0x000000008dc00000|100%| E|CS|TAMS 0x000000008db00000| PB 0x000000008db00000| Complete 
| 220|0x000000008dc00000, 0x000000008dd00000, 0x000000008dd00000|100%| E|CS|TAMS 0x000000008dc00000| PB 0x000000008dc00000| Complete 
| 221|0x000000008dd00000, 0x000000008de00000, 0x000000008de00000|100%| E|CS|TAMS 0x000000008dd00000| PB 0x000000008dd00000| Complete 
| 222|0x000000008de00000, 0x000000008df00000, 0x000000008df00000|100%| E|CS|TAMS 0x000000008de00000| PB 0x000000008de00000| Complete 
| 223|0x000000008df00000, 0x000000008e000000, 0x000000008e000000|100%| E|CS|TAMS 0x000000008df00000| PB 0x000000008df00000| Complete 
| 224|0x000000008e000000, 0x000000008e100000, 0x000000008e100000|100%| E|CS|TAMS 0x000000008e000000| PB 0x000000008e000000| Complete 
| 244|0x000000008f400000, 0x000000008f500000, 0x000000008f500000|100%| E|CS|TAMS 0x000000008f400000| PB 0x000000008f400000| Complete 
| 245|0x000000008f500000, 0x000000008f600000, 0x000000008f600000|100%| E|CS|TAMS 0x000000008f500000| PB 0x000000008f500000| Complete 
|2035|0x00000000ff300000, 0x00000000ff3814c0, 0x00000000ff400000| 50%| O|  |TAMS 0x00000000ff300000| PB 0x00000000ff300000| Untracked 
|2036|0x00000000ff400000, 0x00000000ff500000, 0x00000000ff500000|100%| O|  |TAMS 0x00000000ff400000| PB 0x00000000ff400000| Untracked 
|2037|0x00000000ff500000, 0x00000000ff600000, 0x00000000ff600000|100%| O|  |TAMS 0x00000000ff500000| PB 0x00000000ff500000| Untracked 
|2038|0x00000000ff600000, 0x00000000ff700000, 0x00000000ff700000|100%| O|  |TAMS 0x00000000ff600000| PB 0x00000000ff600000| Untracked 
|2039|0x00000000ff700000, 0x00000000ff800000, 0x00000000ff800000|100%| E|CS|TAMS 0x00000000ff700000| PB 0x00000000ff700000| Complete 
|2040|0x00000000ff800000, 0x00000000ff900000, 0x00000000ff900000|100%| O|  |TAMS 0x00000000ff800000| PB 0x00000000ff800000| Untracked 
|2041|0x00000000ff900000, 0x00000000ffa00000, 0x00000000ffa00000|100%| O|  |TAMS 0x00000000ff900000| PB 0x00000000ff900000| Untracked 
|2042|0x00000000ffa00000, 0x00000000ffb00000, 0x00000000ffb00000|100%| O|  |TAMS 0x00000000ffa00000| PB 0x00000000ffa00000| Untracked 
|2043|0x00000000ffb00000, 0x00000000ffc00000, 0x00000000ffc00000|100%| O|  |TAMS 0x00000000ffb00000| PB 0x00000000ffb00000| Untracked 
|2044|0x00000000ffc00000, 0x00000000ffd00000, 0x00000000ffd00000|100%| O|  |TAMS 0x00000000ffc00000| PB 0x00000000ffc00000| Untracked 
|2045|0x00000000ffd00000, 0x00000000ffe00000, 0x00000000ffe00000|100%| O|  |TAMS 0x00000000ffd00000| PB 0x00000000ffd00000| Untracked 
|2046|0x00000000ffe00000, 0x00000000fff00000, 0x00000000fff00000|100%| O|  |TAMS 0x00000000ffe00000| PB 0x00000000ffe00000| Untracked 
|2047|0x00000000fff00000, 0x0000000100000000, 0x0000000100000000|100%| O|  |TAMS 0x00000000fff00000| PB 0x00000000fff00000| Untracked 

Card table byte_map: [0x00000192160a0000,0x00000192164a0000] _byte_map_base: 0x0000019215ca0000

Marking Bits: (CMBitMap*) 0x000001920363bfe0
 Bits: [0x00000192164a0000, 0x00000192184a0000)

Polling page: 0x0000019202db0000

Metaspace:

Usage:
  Non-class:     68.69 MB used.
      Class:     11.23 MB used.
       Both:     79.92 MB used.

Virtual space:
  Non-class space:      128.00 MB reserved,      69.69 MB ( 54%) committed,  2 nodes.
      Class space:        1.00 GB reserved,      12.19 MB (  1%) committed,  1 nodes.
             Both:        1.12 GB reserved,      81.88 MB (  7%) committed. 

Chunk freelists:
   Non-Class:  9.58 MB
       Class:  3.67 MB
        Both:  13.25 MB

MaxMetaspaceSize: unlimited
CompressedClassSpaceSize: 1.00 GB
Initial GC threshold: 21.00 MB
Current GC threshold: 131.19 MB
CDS: off
 - commit_granule_bytes: 65536.
 - commit_granule_words: 8192.
 - virtual_space_node_default_size: 8388608.
 - enlarge_chunks_in_place: 1.
 - use_allocation_guard: 0.


Internal statistics:

num_allocs_failed_limit: 15.
num_arena_births: 3714.
num_arena_deaths: 0.
num_vsnodes_births: 3.
num_vsnodes_deaths: 0.
num_space_committed: 1310.
num_space_uncommitted: 0.
num_chunks_returned_to_freelist: 15.
num_chunks_taken_from_freelist: 6991.
num_chunk_merges: 12.
num_chunk_splits: 4574.
num_chunks_enlarged: 2843.
num_inconsistent_stats: 0.

CodeHeap 'non-profiled nmethods': size=120000Kb used=4504Kb max_used=4504Kb free=115496Kb
 bounds [0x000001920e220000, 0x000001920e690000, 0x0000019215750000]
CodeHeap 'profiled nmethods': size=120000Kb used=15006Kb max_used=15006Kb free=104993Kb
 bounds [0x0000019206750000, 0x0000019207600000, 0x000001920dc80000]
CodeHeap 'non-nmethods': size=5760Kb used=1974Kb max_used=2014Kb free=3785Kb
 bounds [0x000001920dc80000, 0x000001920def0000, 0x000001920e220000]
CodeCache: size=245760Kb, used=21484Kb, max_used=21524Kb, free=224274Kb
 total_blobs=9070, nmethods=8219, adapters=755, full_count=0
Compilation: enabled, stopped_count=0, restarted_count=0

Compilation events (20 events):
Event: 25.790 Thread 0x000001921b377200 9880       3       org.gradle.internal.instantiation.generator.AsmBackedClassGenerator$ClassBuilderImpl::addSetter (16 bytes)
Event: 25.791 Thread 0x000001921b377200 nmethod 9880 0x00000192075f6c90 code [0x00000192075f6ea0, 0x00000192075f75c0]
Event: 25.791 Thread 0x000001921b377200 9881       1       org.gradle.model.internal.asm.AsmClassGenerator::getVisitor (5 bytes)
Event: 25.791 Thread 0x000001921b377200 nmethod 9881 0x000001920e685a10 code [0x000001920e685ba0, 0x000001920e685c68]
Event: 25.791 Thread 0x000001921b377200 9882       3       java.lang.invoke.MethodHandles$Lookup$ClassFile::readUnsignedShort (39 bytes)
Event: 25.792 Thread 0x000001921b377200 nmethod 9882 0x00000192075f7890 code [0x00000192075f7a40, 0x00000192075f7c98]
Event: 25.792 Thread 0x000001921b377200 9883       1       jdk.internal.org.objectweb.asm.ClassReader::getMaxStringLength (5 bytes)
Event: 25.792 Thread 0x000001921b377200 nmethod 9883 0x000001920e685d10 code [0x000001920e685ea0, 0x000001920e685f68]
Event: 25.796 Thread 0x000001921b377200 9884       3       java.lang.reflect.Constructor::setAccessible (21 bytes)
Event: 25.796 Thread 0x000001921b377200 nmethod 9884 0x00000192075f7e10 code [0x00000192075f8020, 0x00000192075f85f0]
Event: 25.796 Thread 0x000001921b377200 9885       3       java.lang.reflect.Constructor::checkCanSetAccessible (29 bytes)
Event: 25.796 Thread 0x000001921b377200 nmethod 9885 0x00000192075f8810 code [0x00000192075f89e0, 0x00000192075f8cb0]
Event: 25.843 Thread 0x000001921b377200 9887   !   3       java.util.zip.InflaterInputStream::read (129 bytes)
Event: 25.845 Thread 0x000001921b377200 nmethod 9887 0x00000192075f8e10 code [0x00000192075f90e0, 0x00000192075f9df0]
Event: 25.883 Thread 0x000001921b377200 9888       3       org.gradle.internal.classloader.TransformReplacer::getLoader (46 bytes)
Event: 25.883 Thread 0x000001921b377200 nmethod 9888 0x00000192075fa410 code [0x00000192075fa640, 0x00000192075fade0]
Event: 25.887 Thread 0x000001921b377200 9889       3       org.gradle.internal.io.StreamByteBuffer::readFully (27 bytes)
Event: 25.887 Thread 0x000001921b377200 nmethod 9889 0x00000192075fb090 code [0x00000192075fb260, 0x00000192075fb4b8]
Event: 25.887 Thread 0x000001921b377200 9890       3       org.gradle.internal.io.StreamByteBuffer::readAsByteArray (21 bytes)
Event: 25.888 Thread 0x000001921b377200 nmethod 9890 0x00000192075fb610 code [0x00000192075fb7e0, 0x00000192075fba20]

GC Heap History (20 events):
Event: 15.447 GC heap before
{Heap before GC invocations=28 (full 0):
 garbage-first heap   total 119808K, used 107875K [0x0000000080000000, 0x0000000100000000)
  region size 1024K, 52 young (53248K), 4 survivors (4096K)
 Metaspace       used 78529K, committed 80448K, reserved 1179648K
  class space    used 11084K, committed 12032K, reserved 1048576K
}
Event: 15.451 GC heap after
{Heap after GC invocations=29 (full 0):
 garbage-first heap   total 119808K, used 60310K [0x0000000080000000, 0x0000000100000000)
  region size 1024K, 4 young (4096K), 4 survivors (4096K)
 Metaspace       used 78529K, committed 80448K, reserved 1179648K
  class space    used 11084K, committed 12032K, reserved 1048576K
}
Event: 16.639 GC heap before
{Heap before GC invocations=29 (full 0):
 garbage-first heap   total 119808K, used 109462K [0x0000000080000000, 0x0000000100000000)
  region size 1024K, 52 young (53248K), 4 survivors (4096K)
 Metaspace       used 78567K, committed 80512K, reserved 1179648K
  class space    used 11084K, committed 12032K, reserved 1048576K
}
Event: 16.645 GC heap after
{Heap after GC invocations=30 (full 0):
 garbage-first heap   total 119808K, used 60161K [0x0000000080000000, 0x0000000100000000)
  region size 1024K, 5 young (5120K), 5 survivors (5120K)
 Metaspace       used 78567K, committed 80512K, reserved 1179648K
  class space    used 11084K, committed 12032K, reserved 1048576K
}
Event: 17.456 GC heap before
{Heap before GC invocations=30 (full 0):
 garbage-first heap   total 119808K, used 108289K [0x0000000080000000, 0x0000000100000000)
  region size 1024K, 53 young (54272K), 5 survivors (5120K)
 Metaspace       used 78572K, committed 80512K, reserved 1179648K
  class space    used 11084K, committed 12032K, reserved 1048576K
}
Event: 17.461 GC heap after
{Heap after GC invocations=31 (full 0):
 garbage-first heap   total 119808K, used 60705K [0x0000000080000000, 0x0000000100000000)
  region size 1024K, 4 young (4096K), 4 survivors (4096K)
 Metaspace       used 78572K, committed 80512K, reserved 1179648K
  class space    used 11084K, committed 12032K, reserved 1048576K
}
Event: 18.331 GC heap before
{Heap before GC invocations=32 (full 0):
 garbage-first heap   total 119808K, used 109857K [0x0000000080000000, 0x0000000100000000)
  region size 1024K, 52 young (53248K), 4 survivors (4096K)
 Metaspace       used 78597K, committed 80576K, reserved 1179648K
  class space    used 11084K, committed 12032K, reserved 1048576K
}
Event: 18.336 GC heap after
{Heap after GC invocations=33 (full 0):
 garbage-first heap   total 119808K, used 61014K [0x0000000080000000, 0x0000000100000000)
  region size 1024K, 4 young (4096K), 4 survivors (4096K)
 Metaspace       used 78597K, committed 80576K, reserved 1179648K
  class space    used 11084K, committed 12032K, reserved 1048576K
}
Event: 19.471 GC heap before
{Heap before GC invocations=33 (full 0):
 garbage-first heap   total 119808K, used 111190K [0x0000000080000000, 0x0000000100000000)
  region size 1024K, 53 young (54272K), 4 survivors (4096K)
 Metaspace       used 78602K, committed 80576K, reserved 1179648K
  class space    used 11084K, committed 12032K, reserved 1048576K
}
Event: 19.476 GC heap after
{Heap after GC invocations=34 (full 0):
 garbage-first heap   total 119808K, used 61118K [0x0000000080000000, 0x0000000100000000)
  region size 1024K, 5 young (5120K), 5 survivors (5120K)
 Metaspace       used 78602K, committed 80576K, reserved 1179648K
  class space    used 11084K, committed 12032K, reserved 1048576K
}
Event: 20.651 GC heap before
{Heap before GC invocations=34 (full 0):
 garbage-first heap   total 119808K, used 110270K [0x0000000080000000, 0x0000000100000000)
  region size 1024K, 53 young (54272K), 5 survivors (5120K)
 Metaspace       used 78607K, committed 80576K, reserved 1179648K
  class space    used 11084K, committed 12032K, reserved 1048576K
}
Event: 20.655 GC heap after
{Heap after GC invocations=35 (full 0):
 garbage-first heap   total 119808K, used 61361K [0x0000000080000000, 0x0000000100000000)
  region size 1024K, 4 young (4096K), 4 survivors (4096K)
 Metaspace       used 78607K, committed 80576K, reserved 1179648K
  class space    used 11084K, committed 12032K, reserved 1048576K
}
Event: 22.387 GC heap before
{Heap before GC invocations=36 (full 0):
 garbage-first heap   total 119808K, used 111537K [0x0000000080000000, 0x0000000100000000)
  region size 1024K, 53 young (54272K), 4 survivors (4096K)
 Metaspace       used 78608K, committed 80576K, reserved 1179648K
  class space    used 11084K, committed 12032K, reserved 1048576K
}
Event: 22.394 GC heap after
{Heap after GC invocations=37 (full 0):
 garbage-first heap   total 119808K, used 61748K [0x0000000080000000, 0x0000000100000000)
  region size 1024K, 4 young (4096K), 4 survivors (4096K)
 Metaspace       used 78608K, committed 80576K, reserved 1179648K
  class space    used 11084K, committed 12032K, reserved 1048576K
}
Event: 22.583 GC heap before
{Heap before GC invocations=37 (full 0):
 garbage-first heap   total 119808K, used 109876K [0x0000000080000000, 0x0000000100000000)
  region size 1024K, 52 young (53248K), 4 survivors (4096K)
 Metaspace       used 78615K, committed 80576K, reserved 1179648K
  class space    used 11085K, committed 12032K, reserved 1048576K
}
Event: 22.588 GC heap after
{Heap after GC invocations=38 (full 0):
 garbage-first heap   total 119808K, used 61448K [0x0000000080000000, 0x0000000100000000)
  region size 1024K, 5 young (5120K), 5 survivors (5120K)
 Metaspace       used 78615K, committed 80576K, reserved 1179648K
  class space    used 11085K, committed 12032K, reserved 1048576K
}
Event: 22.981 GC heap before
{Heap before GC invocations=38 (full 0):
 garbage-first heap   total 119808K, used 110600K [0x0000000080000000, 0x0000000100000000)
  region size 1024K, 53 young (54272K), 5 survivors (5120K)
 Metaspace       used 78618K, committed 80576K, reserved 1179648K
  class space    used 11085K, committed 12032K, reserved 1048576K
}
Event: 22.986 GC heap after
{Heap after GC invocations=39 (full 0):
 garbage-first heap   total 119808K, used 61877K [0x0000000080000000, 0x0000000100000000)
  region size 1024K, 5 young (5120K), 5 survivors (5120K)
 Metaspace       used 78618K, committed 80576K, reserved 1179648K
  class space    used 11085K, committed 12032K, reserved 1048576K
}
Event: 24.255 GC heap before
{Heap before GC invocations=40 (full 0):
 garbage-first heap   total 119808K, used 117173K [0x0000000080000000, 0x0000000100000000)
  region size 1024K, 50 young (51200K), 5 survivors (5120K)
 Metaspace       used 79301K, committed 81280K, reserved 1179648K
  class space    used 11164K, committed 12096K, reserved 1048576K
}
Event: 24.263 GC heap after
{Heap after GC invocations=41 (full 0):
 garbage-first heap   total 131072K, used 78341K [0x0000000080000000, 0x0000000100000000)
  region size 1024K, 7 young (7168K), 7 survivors (7168K)
 Metaspace       used 79301K, committed 81280K, reserved 1179648K
  class space    used 11164K, committed 12096K, reserved 1048576K
}

Dll operation events (3 events):
Event: 0.023 Loaded shared library D:\Apps\Android Studio\jbr\bin\java.dll
Event: 0.030 Loaded shared library D:\Apps\Android Studio\jbr\bin\zip.dll
Event: 1.231 Loaded shared library D:\Apps\Android Studio\jbr\bin\verify.dll

Deoptimization events (20 events):
Event: 25.633 Thread 0x00000192206ee650 Uncommon trap: trap_request=0xffffffc6 fr.pc=0x000001920e62a98c relative=0x000000000000040c
Event: 25.633 Thread 0x00000192206ee650 Uncommon trap: reason=bimorphic_or_optimized_type_check action=maybe_recompile pc=0x000001920e62a98c method=com.google.common.cache.LocalCache$Segment.getEntry(Ljava/lang/Object;I)Lcom/google/common/cache/ReferenceEntry; @ 24 c2
Event: 25.633 Thread 0x00000192206ee650 DEOPT PACKING pc=0x000001920e62a98c sp=0x0000007ae05f67b0
Event: 25.633 Thread 0x00000192206ee650 DEOPT UNPACKING pc=0x000001920dcd43a2 sp=0x0000007ae05f6748 mode 2
Event: 25.636 Thread 0x00000192206ee650 Uncommon trap: trap_request=0xffffffc6 fr.pc=0x000001920e62a98c relative=0x000000000000040c
Event: 25.636 Thread 0x00000192206ee650 Uncommon trap: reason=bimorphic_or_optimized_type_check action=maybe_recompile pc=0x000001920e62a98c method=com.google.common.cache.LocalCache$Segment.getEntry(Ljava/lang/Object;I)Lcom/google/common/cache/ReferenceEntry; @ 24 c2
Event: 25.636 Thread 0x00000192206ee650 DEOPT PACKING pc=0x000001920e62a98c sp=0x0000007ae05f67b0
Event: 25.636 Thread 0x00000192206ee650 DEOPT UNPACKING pc=0x000001920dcd43a2 sp=0x0000007ae05f6748 mode 2
Event: 25.639 Thread 0x00000192206ee650 Uncommon trap: trap_request=0xffffffc6 fr.pc=0x000001920e62a98c relative=0x000000000000040c
Event: 25.639 Thread 0x00000192206ee650 Uncommon trap: reason=bimorphic_or_optimized_type_check action=maybe_recompile pc=0x000001920e62a98c method=com.google.common.cache.LocalCache$Segment.getEntry(Ljava/lang/Object;I)Lcom/google/common/cache/ReferenceEntry; @ 24 c2
Event: 25.639 Thread 0x00000192206ee650 DEOPT PACKING pc=0x000001920e62a98c sp=0x0000007ae05f67b0
Event: 25.639 Thread 0x00000192206ee650 DEOPT UNPACKING pc=0x000001920dcd43a2 sp=0x0000007ae05f6748 mode 2
Event: 25.751 Thread 0x00000192206ee650 Uncommon trap: trap_request=0xffffff45 fr.pc=0x000001920e347ad4 relative=0x0000000000000134
Event: 25.751 Thread 0x00000192206ee650 Uncommon trap: reason=unstable_if action=reinterpret pc=0x000001920e347ad4 method=jdk.internal.org.objectweb.asm.ByteVector.putInt(I)Ljdk/internal/org/objectweb/asm/ByteVector; @ 13 c2
Event: 25.751 Thread 0x00000192206ee650 DEOPT PACKING pc=0x000001920e347ad4 sp=0x0000007ae05f5760
Event: 25.751 Thread 0x00000192206ee650 DEOPT UNPACKING pc=0x000001920dcd43a2 sp=0x0000007ae05f56f8 mode 2
Event: 25.821 Thread 0x00000192206ee650 Uncommon trap: trap_request=0xffffff45 fr.pc=0x000001920e67a318 relative=0x0000000000001d18
Event: 25.821 Thread 0x00000192206ee650 Uncommon trap: reason=unstable_if action=reinterpret pc=0x000001920e67a318 method=java.util.zip.InflaterInputStream.read([BII)I @ 94 c2
Event: 25.821 Thread 0x00000192206ee650 DEOPT PACKING pc=0x000001920e67a318 sp=0x0000007ae05f4500
Event: 25.821 Thread 0x00000192206ee650 DEOPT UNPACKING pc=0x000001920dcd43a2 sp=0x0000007ae05f4570 mode 2

Classes loaded (20 events):
Event: 23.202 Loading class java/io/FileBeanInfo
Event: 23.202 Loading class java/io/FileBeanInfo done
Event: 23.202 Loading class java/io/FileCustomizer
Event: 23.202 Loading class java/io/FileCustomizer done
Event: 23.203 Loading class java/io/FileCustomizer
Event: 23.203 Loading class java/io/FileCustomizer done
Event: 23.333 Loading class java/util/AbstractCollectionBeanInfo
Event: 23.333 Loading class java/util/AbstractCollectionBeanInfo done
Event: 23.334 Loading class java/util/AbstractCollectionBeanInfo
Event: 23.334 Loading class java/util/AbstractCollectionBeanInfo done
Event: 23.334 Loading class java/util/AbstractCollectionCustomizer
Event: 23.334 Loading class java/util/AbstractCollectionCustomizer done
Event: 23.334 Loading class java/util/AbstractCollectionCustomizer
Event: 23.334 Loading class java/util/AbstractCollectionCustomizer done
Event: 23.375 Loading class java/util/stream/SortedOps$RefSortingSink
Event: 23.376 Loading class java/util/stream/SortedOps$RefSortingSink done
Event: 23.399 Loading class java/time/Ser
Event: 23.400 Loading class java/time/Ser done
Event: 25.921 Loading class java/util/Currency
Event: 25.922 Loading class java/util/Currency done

Classes unloaded (0 events):
No events

Classes redefined (0 events):
No events

Internal exceptions (20 events):
Event: 25.917 Thread 0x00000192206ee650 Exception <a 'sun/nio/fs/WindowsException'{0x0000000084cf83b8}> (0x0000000084cf83b8) 
thrown [s\src\hotspot\share\prims\jni.cpp, line 537]
Event: 25.918 Thread 0x00000192206ee650 Exception <a 'sun/nio/fs/WindowsException'{0x0000000084b095e0}> (0x0000000084b095e0) 
thrown [s\src\hotspot\share\prims\jni.cpp, line 537]
Event: 25.919 Thread 0x00000192206ee650 Exception <a 'sun/nio/fs/WindowsException'{0x0000000084b17ca8}> (0x0000000084b17ca8) 
thrown [s\src\hotspot\share\prims\jni.cpp, line 537]
Event: 25.920 Thread 0x00000192206ee650 Exception <a 'sun/nio/fs/WindowsException'{0x0000000084b26710}> (0x0000000084b26710) 
thrown [s\src\hotspot\share\prims\jni.cpp, line 537]
Event: 25.922 Thread 0x00000192206ee650 Exception <a 'sun/nio/fs/WindowsException'{0x0000000084b38b48}> (0x0000000084b38b48) 
thrown [s\src\hotspot\share\prims\jni.cpp, line 537]
Event: 25.924 Thread 0x00000192206ee650 Exception <a 'sun/nio/fs/WindowsException'{0x0000000084b470d0}> (0x0000000084b470d0) 
thrown [s\src\hotspot\share\prims\jni.cpp, line 537]
Event: 25.925 Thread 0x00000192206ee650 Exception <a 'sun/nio/fs/WindowsException'{0x0000000084b5ce98}> (0x0000000084b5ce98) 
thrown [s\src\hotspot\share\prims\jni.cpp, line 537]
Event: 25.925 Thread 0x00000192206ee650 Exception <a 'sun/nio/fs/WindowsException'{0x0000000084b70e40}> (0x0000000084b70e40) 
thrown [s\src\hotspot\share\prims\jni.cpp, line 537]
Event: 25.926 Thread 0x00000192206ee650 Exception <a 'sun/nio/fs/WindowsException'{0x0000000084b7eca0}> (0x0000000084b7eca0) 
thrown [s\src\hotspot\share\prims\jni.cpp, line 537]
Event: 25.927 Thread 0x00000192206ee650 Exception <a 'sun/nio/fs/WindowsException'{0x0000000084b92a70}> (0x0000000084b92a70) 
thrown [s\src\hotspot\share\prims\jni.cpp, line 537]
Event: 25.928 Thread 0x00000192206ee650 Exception <a 'sun/nio/fs/WindowsException'{0x0000000084ba04e0}> (0x0000000084ba04e0) 
thrown [s\src\hotspot\share\prims\jni.cpp, line 537]
Event: 25.929 Thread 0x00000192206ee650 Exception <a 'sun/nio/fs/WindowsException'{0x0000000084bb3a30}> (0x0000000084bb3a30) 
thrown [s\src\hotspot\share\prims\jni.cpp, line 537]
Event: 25.930 Thread 0x00000192206ee650 Exception <a 'sun/nio/fs/WindowsException'{0x0000000084bc3eb0}> (0x0000000084bc3eb0) 
thrown [s\src\hotspot\share\prims\jni.cpp, line 537]
Event: 25.931 Thread 0x00000192206ee650 Exception <a 'sun/nio/fs/WindowsException'{0x0000000084bd2c50}> (0x0000000084bd2c50) 
thrown [s\src\hotspot\share\prims\jni.cpp, line 537]
Event: 25.931 Thread 0x00000192206ee650 Exception <a 'sun/nio/fs/WindowsException'{0x0000000084be6d38}> (0x0000000084be6d38) 
thrown [s\src\hotspot\share\prims\jni.cpp, line 537]
Event: 25.932 Thread 0x00000192206ee650 Exception <a 'sun/nio/fs/WindowsException'{0x0000000084a06d20}> (0x0000000084a06d20) 
thrown [s\src\hotspot\share\prims\jni.cpp, line 537]
Event: 25.933 Thread 0x00000192206ee650 Exception <a 'sun/nio/fs/WindowsException'{0x0000000084a14e68}> (0x0000000084a14e68) 
thrown [s\src\hotspot\share\prims\jni.cpp, line 537]
Event: 25.934 Thread 0x00000192206ee650 Exception <a 'sun/nio/fs/WindowsException'{0x0000000084a24b08}> (0x0000000084a24b08) 
thrown [s\src\hotspot\share\prims\jni.cpp, line 537]
Event: 25.935 Thread 0x00000192206ee650 Exception <a 'sun/nio/fs/WindowsException'{0x0000000084a31d40}> (0x0000000084a31d40) 
thrown [s\src\hotspot\share\prims\jni.cpp, line 537]
Event: 25.936 Thread 0x00000192206ee650 Exception <a 'sun/nio/fs/WindowsException'{0x0000000084a3f648}> (0x0000000084a3f648) 
thrown [s\src\hotspot\share\prims\jni.cpp, line 537]

ZGC Phase Switch (0 events):
No events

VM Operations (20 events):
Event: 20.709 Executing safepoint VM operation: G1PauseRemark
Event: 20.713 Executing safepoint VM operation: G1PauseRemark done
Event: 20.737 Executing safepoint VM operation: G1PauseCleanup
Event: 20.737 Executing safepoint VM operation: G1PauseCleanup done
Event: 21.746 Executing safepoint VM operation: Cleanup
Event: 21.746 Executing safepoint VM operation: Cleanup done
Event: 22.387 Executing safepoint VM operation: G1CollectForAllocation (G1 Evacuation Pause)
Event: 22.394 Executing safepoint VM operation: G1CollectForAllocation (G1 Evacuation Pause) done
Event: 22.583 Executing safepoint VM operation: G1CollectForAllocation (G1 Evacuation Pause)
Event: 22.588 Executing safepoint VM operation: G1CollectForAllocation (G1 Evacuation Pause) done
Event: 22.981 Executing safepoint VM operation: G1CollectForAllocation (G1 Evacuation Pause)
Event: 22.987 Executing safepoint VM operation: G1CollectForAllocation (G1 Evacuation Pause) done
Event: 23.048 Executing safepoint VM operation: G1PauseRemark
Event: 23.053 Executing safepoint VM operation: G1PauseRemark done
Event: 23.081 Executing safepoint VM operation: G1PauseCleanup
Event: 23.081 Executing safepoint VM operation: G1PauseCleanup done
Event: 23.983 Executing safepoint VM operation: ICBufferFull
Event: 23.983 Executing safepoint VM operation: ICBufferFull done
Event: 24.254 Executing safepoint VM operation: G1CollectForAllocation (G1 Evacuation Pause)
Event: 24.263 Executing safepoint VM operation: G1CollectForAllocation (G1 Evacuation Pause) done

Memory protections (0 events):
No events

Nmethod flushes (20 events):
Event: 23.052 Thread 0x000001921b2e80f0 flushing  nmethod 0x000001920682f390
Event: 23.052 Thread 0x000001921b2e80f0 flushing  nmethod 0x00000192068fe010
Event: 23.052 Thread 0x000001921b2e80f0 flushing  nmethod 0x0000019207030890
Event: 23.052 Thread 0x000001921b2e80f0 flushing  nmethod 0x0000019207141310
Event: 23.052 Thread 0x000001921b2e80f0 flushing  nmethod 0x00000192068d3710
Event: 23.052 Thread 0x000001921b2e80f0 flushing  nmethod 0x0000019206957f10
Event: 23.052 Thread 0x000001921b2e80f0 flushing  nmethod 0x0000019206c1bc90
Event: 23.052 Thread 0x000001921b2e80f0 flushing  nmethod 0x0000019206fe0410
Event: 23.052 Thread 0x000001921b2e80f0 flushing  nmethod 0x00000192068af910
Event: 23.052 Thread 0x000001921b2e80f0 flushing  nmethod 0x0000019206c65990
Event: 23.052 Thread 0x000001921b2e80f0 flushing  nmethod 0x00000192073e6990
Event: 23.052 Thread 0x000001921b2e80f0 flushing  nmethod 0x0000019206d8f910
Event: 23.052 Thread 0x000001921b2e80f0 flushing  nmethod 0x0000019206ffc610
Event: 23.052 Thread 0x000001921b2e80f0 flushing  nmethod 0x0000019207036790
Event: 23.052 Thread 0x000001921b2e80f0 flushing  nmethod 0x0000019207000c10
Event: 23.052 Thread 0x000001921b2e80f0 flushing  nmethod 0x000001920704d590
Event: 23.052 Thread 0x000001921b2e80f0 flushing  nmethod 0x0000019207207a10
Event: 23.052 Thread 0x000001921b2e80f0 flushing  nmethod 0x0000019206fa3710
Event: 23.052 Thread 0x000001921b2e80f0 flushing  nmethod 0x000001920701a690
Event: 23.052 Thread 0x000001921b2e80f0 flushing  nmethod 0x000001920706c510

Events (20 events):
Event: 13.815 Thread 0x00000192206ee650 Thread added: 0x0000019223972420
Event: 13.817 Thread 0x00000192206ee650 Thread added: 0x000001922396c840
Event: 13.819 Thread 0x00000192206ee650 Thread added: 0x000001922396ced0
Event: 13.823 Thread 0x00000192206ee650 Thread added: 0x000001922396d560
Event: 13.830 Thread 0x00000192206ee650 Thread added: 0x0000019224dc2c40
Event: 13.833 Thread 0x00000192206ee650 Thread added: 0x0000019224dc1890
Event: 13.835 Thread 0x00000192206ee650 Thread added: 0x000001922181a020
Event: 13.837 Thread 0x00000192206ee650 Thread added: 0x000001922181eee0
Event: 14.161 Thread 0x00000192206ee650 Thread added: 0x0000019221818c70
Event: 14.161 Thread 0x00000192206ee650 Thread added: 0x000001922181a6b0
Event: 14.161 Thread 0x00000192206ee650 Thread added: 0x0000019221819300
Event: 14.162 Thread 0x00000192206ee650 Thread added: 0x000001922181ad40
Event: 14.162 Thread 0x00000192206ee650 Thread added: 0x00000192218185e0
Event: 14.163 Thread 0x00000192206ee650 Thread added: 0x000001922181c780
Event: 14.164 Thread 0x00000192206ee650 Thread added: 0x000001922181ce10
Event: 14.164 Thread 0x00000192206ee650 Thread added: 0x000001922181b3d0
Event: 14.165 Thread 0x00000192206ee650 Thread added: 0x000001922181fc00
Event: 14.165 Thread 0x00000192206ee650 Thread added: 0x0000019221819990
Event: 14.166 Thread 0x00000192206ee650 Thread added: 0x000001922181ba60
Event: 14.772 Thread 0x0000019225347ba0 Thread exited: 0x0000019225347ba0


Dynamic libraries:
0x00007ff6baa40000 - 0x00007ff6baa4a000 	D:\Apps\Android Studio\jbr\bin\java.exe
0x00007ff851790000 - 0x00007ff851988000 	C:\Windows\SYSTEM32\ntdll.dll
0x00007ff851420000 - 0x00007ff8514e2000 	C:\Windows\System32\KERNEL32.DLL
0x00007ff84ee20000 - 0x00007ff84f116000 	C:\Windows\System32\KERNELBASE.dll
0x00007ff84f250000 - 0x00007ff84f350000 	C:\Windows\System32\ucrtbase.dll
0x00007ff84a1a0000 - 0x00007ff84a1bb000 	D:\Apps\Android Studio\jbr\bin\VCRUNTIME140.dll
0x00007ffff1430000 - 0x00007ffff1448000 	D:\Apps\Android Studio\jbr\bin\jli.dll
0x00007ff851150000 - 0x00007ff8512f1000 	C:\Windows\System32\USER32.dll
0x00007ff84f220000 - 0x00007ff84f242000 	C:\Windows\System32\win32u.dll
0x00007ff850f30000 - 0x00007ff850f5b000 	C:\Windows\System32\GDI32.dll
0x00007ff8353a0000 - 0x00007ff83563b000 	C:\Windows\WinSxS\amd64_microsoft.windows.common-controls_6595b64144ccf1df_6.0.19041.6456_none_60b8a6cb71f64256\COMCTL32.dll
0x00007ff84f610000 - 0x00007ff84f729000 	C:\Windows\System32\gdi32full.dll
0x00007ff84f570000 - 0x00007ff84f60d000 	C:\Windows\System32\msvcp_win.dll
0x00007ff84fbf0000 - 0x00007ff84fc8e000 	C:\Windows\System32\msvcrt.dll
0x00007ff850660000 - 0x00007ff85068f000 	C:\Windows\System32\IMM32.DLL
0x00007ff84acf0000 - 0x00007ff84acfc000 	D:\Apps\Android Studio\jbr\bin\vcruntime140_1.dll
0x00007fff937a0000 - 0x00007fff9382d000 	D:\Apps\Android Studio\jbr\bin\msvcp140.dll
0x00007fff9bbd0000 - 0x00007fff9c866000 	D:\Apps\Android Studio\jbr\bin\server\jvm.dll
0x00007ff851090000 - 0x00007ff851141000 	C:\Windows\System32\ADVAPI32.dll
0x00007ff84f9e0000 - 0x00007ff84fa7f000 	C:\Windows\System32\sechost.dll
0x00007ff851300000 - 0x00007ff851420000 	C:\Windows\System32\RPCRT4.dll
0x00007ff84f4b0000 - 0x00007ff84f4d7000 	C:\Windows\System32\bcrypt.dll
0x00007ff8516e0000 - 0x00007ff85174b000 	C:\Windows\System32\WS2_32.dll
0x00007ff84ebd0000 - 0x00007ff84ec1b000 	C:\Windows\SYSTEM32\POWRPROF.dll
0x00007ff843e70000 - 0x00007ff843e7a000 	C:\Windows\SYSTEM32\VERSION.dll
0x00007ff843e40000 - 0x00007ff843e67000 	C:\Windows\SYSTEM32\WINMM.dll
0x00007ff84eb40000 - 0x00007ff84eb52000 	C:\Windows\SYSTEM32\UMPDC.dll
0x00007ff84d630000 - 0x00007ff84d642000 	C:\Windows\SYSTEM32\kernel.appcore.dll
0x00007ff848080000 - 0x00007ff84808a000 	D:\Apps\Android Studio\jbr\bin\jimage.dll
0x00007ff84c8d0000 - 0x00007ff84cad1000 	C:\Windows\SYSTEM32\DBGHELP.DLL
0x00007ff829a20000 - 0x00007ff829a54000 	C:\Windows\SYSTEM32\dbgcore.DLL
0x00007ff84f4e0000 - 0x00007ff84f562000 	C:\Windows\System32\bcryptPrimitives.dll
0x00007ff80f900000 - 0x00007ff80f90e000 	D:\Apps\Android Studio\jbr\bin\instrument.dll
0x00007ff848060000 - 0x00007ff848080000 	D:\Apps\Android Studio\jbr\bin\java.dll
0x00007ff835890000 - 0x00007ff8358a8000 	D:\Apps\Android Studio\jbr\bin\zip.dll
0x00007ff84fe60000 - 0x00007ff8505d0000 	C:\Windows\System32\SHELL32.dll
0x00007ff84ce70000 - 0x00007ff84d615000 	C:\Windows\SYSTEM32\windows.storage.dll
0x00007ff850690000 - 0x00007ff8509e4000 	C:\Windows\System32\combase.dll
0x00007ff84e7e0000 - 0x00007ff84e80b000 	C:\Windows\SYSTEM32\Wldp.dll
0x00007ff8509f0000 - 0x00007ff850abd000 	C:\Windows\System32\OLEAUT32.dll
0x00007ff84fb40000 - 0x00007ff84fbed000 	C:\Windows\System32\SHCORE.dll
0x00007ff84fa80000 - 0x00007ff84fadb000 	C:\Windows\System32\shlwapi.dll
0x00007ff84ed50000 - 0x00007ff84ed74000 	C:\Windows\SYSTEM32\profapi.dll
0x00007ff835880000 - 0x00007ff835890000 	D:\Apps\Android Studio\jbr\bin\net.dll
0x00007ff84b1e0000 - 0x00007ff84b2ea000 	C:\Windows\SYSTEM32\WINHTTP.dll
0x00007ff84e540000 - 0x00007ff84e5aa000 	C:\Windows\system32\mswsock.dll
0x00007ff835770000 - 0x00007ff835786000 	D:\Apps\Android Studio\jbr\bin\nio.dll
0x00007ff824d30000 - 0x00007ff824d40000 	D:\Apps\Android Studio\jbr\bin\verify.dll
0x00007fffcabf0000 - 0x00007fffcac17000 	D:\Material\DEPI\Final project\.gradle\native\660c5614fbf4a5f2a75b1949f50a0caf5cd603558e7d8a26e50b933a0cfb79d1\windows-amd64\native-platform.dll
0x00007fffd6710000 - 0x00007fffd6787000 	D:\Material\DEPI\Final project\.gradle\native\0.2.8\x86_64-windows-gnu\gradle-fileevents.dll
0x00007ff8345b0000 - 0x00007ff8345b9000 	D:\Apps\Android Studio\jbr\bin\management.dll
0x00007ff826040000 - 0x00007ff82604b000 	D:\Apps\Android Studio\jbr\bin\management_ext.dll
0x00007ff8515a0000 - 0x00007ff8515a8000 	C:\Windows\System32\PSAPI.DLL
0x00007ff84e220000 - 0x00007ff84e25b000 	C:\Windows\SYSTEM32\IPHLPAPI.DLL
0x00007ff8516d0000 - 0x00007ff8516d8000 	C:\Windows\System32\NSI.dll
0x00007ff835870000 - 0x00007ff835879000 	D:\Apps\Android Studio\jbr\bin\extnet.dll
0x00007ff84e740000 - 0x00007ff84e758000 	C:\Windows\SYSTEM32\CRYPTSP.dll
0x00007ff84ddf0000 - 0x00007ff84de28000 	C:\Windows\system32\rsaenh.dll
0x00007ff84ed10000 - 0x00007ff84ed3e000 	C:\Windows\SYSTEM32\USERENV.dll
0x00007ff84e730000 - 0x00007ff84e73c000 	C:\Windows\SYSTEM32\CRYPTBASE.dll
0x00007fffde0a0000 - 0x00007fffde0a7000 	C:\Windows\system32\wshunix.dll
0x00007ff84e260000 - 0x00007ff84e32a000 	C:\Windows\SYSTEM32\DNSAPI.dll
0x00007ff847b70000 - 0x00007ff847b7a000 	C:\Windows\System32\rasadhlp.dll
0x00007ff844c00000 - 0x00007ff844c80000 	C:\Windows\System32\fwpuclnt.dll

JVMTI agents:
D:\Material\DEPI\Final project\.gradle\wrapper\dists\gradle-9.3.1-bin\23ovyewtku6u96viwx3xl3oks\gradle-9.3.1\lib\agents\gradle-instrumentation-agent-9.3.1.jar path:D:\Apps\Android Studio\jbr\bin\instrument.dll, loaded, initialized, instrumentlib options:none

dbghelp: loaded successfully - version: 4.0.5 - missing functions: none
symbol engine: initialized successfully - sym options: 0x614 - pdb path: .;D:\Apps\Android Studio\jbr\bin;C:\Windows\SYSTEM32;C:\Windows\WinSxS\amd64_microsoft.windows.common-controls_6595b64144ccf1df_6.0.19041.6456_none_60b8a6cb71f64256;D:\Apps\Android Studio\jbr\bin\server;D:\Material\DEPI\Final project\.gradle\native\660c5614fbf4a5f2a75b1949f50a0caf5cd603558e7d8a26e50b933a0cfb79d1\windows-amd64;D:\Material\DEPI\Final project\.gradle\native\0.2.8\x86_64-windows-gnu

VM Arguments:
jvm_args: --add-opens=java.base/java.lang=ALL-UNNAMED --add-opens=java.base/java.lang.invoke=ALL-UNNAMED --add-opens=java.base/java.util=ALL-UNNAMED --add-opens=java.prefs/java.util.prefs=ALL-UNNAMED --add-exports=jdk.compiler/com.sun.tools.javac.api=ALL-UNNAMED --add-exports=jdk.compiler/com.sun.tools.javac.util=ALL-UNNAMED --add-opens=java.base/java.util=ALL-UNNAMED --add-opens=java.prefs/java.util.prefs=ALL-UNNAMED --add-opens=java.base/java.nio.charset=ALL-UNNAMED --add-opens=java.base/java.net=ALL-UNNAMED --add-opens=java.base/java.util.concurrent=ALL-UNNAMED --add-opens=java.base/java.util.concurrent.atomic=ALL-UNNAMED --add-opens=java.xml/javax.xml.namespace=ALL-UNNAMED --add-opens=java.base/java.time=ALL-UNNAMED -Xmx2048m -Dfile.encoding=UTF-8 -Duser.country=US -Duser.language=en -Duser.variant -javaagent:D:\Material\DEPI\Final project\.gradle\wrapper\dists\gradle-9.3.1-bin\23ovyewtku6u96viwx3xl3oks\gradle-9.3.1\lib\agents\gradle-instrumentation-agent-9.3.1.jar 
java_command: org.gradle.launcher.daemon.bootstrap.GradleDaemon 9.3.1
java_class_path (initial): D:\Material\DEPI\Final project\.gradle\wrapper\dists\gradle-9.3.1-bin\23ovyewtku6u96viwx3xl3oks\gradle-9.3.1\lib\gradle-daemon-main-9.3.1.jar
Launcher Type: SUN_STANDARD

[Global flags]
     intx CICompilerCount                          = 4                                         {product} {ergonomic}
     uint ConcGCThreads                            = 3                                         {product} {ergonomic}
     uint G1ConcRefinementThreads                  = 10                                        {product} {ergonomic}
   size_t G1HeapRegionSize                         = 1048576                                   {product} {ergonomic}
    uintx GCDrainStackTargetSize                   = 64                                        {product} {ergonomic}
   size_t InitialHeapSize                          = 257949696                                 {product} {ergonomic}
   size_t MarkStackSize                            = 4194304                                   {product} {ergonomic}
   size_t MaxHeapSize                              = 2147483648                                {product} {command line}
   size_t MaxNewSize                               = 1287651328                                {product} {ergonomic}
   size_t MinHeapDeltaBytes                        = 1048576                                   {product} {ergonomic}
   size_t MinHeapSize                              = 8388608                                   {product} {ergonomic}
    uintx NonNMethodCodeHeapSize                   = 5839372                                {pd product} {ergonomic}
    uintx NonProfiledCodeHeapSize                  = 122909434                              {pd product} {ergonomic}
    uintx ProfiledCodeHeapSize                     = 122909434                              {pd product} {ergonomic}
    uintx ReservedCodeCacheSize                    = 251658240                              {pd product} {ergonomic}
     bool SegmentedCodeCache                       = true                                      {product} {ergonomic}
   size_t SoftMaxHeapSize                          = 2147483648                             {manageable} {ergonomic}
     bool UseCompressedOops                        = true                           {product lp64_product} {ergonomic}
     bool UseG1GC                                  = true                                      {product} {ergonomic}
     bool UseLargePagesIndividualAllocation        = false                                  {pd product} {ergonomic}

Logging:
Log output configuration:
 #0: stdout all=warning uptime,level,tags foldmultilines=false
 #1: stderr all=off uptime,level,tags foldmultilines=false

Release file:
JAVA_VERSION="21.0.10" 
MODULES="java.base java.compiler java.datatransfer java.xml java.prefs java.desktop java.instrument java.logging java.management java.security.sasl java.naming java.rmi java.management.rmi java.net.http java.scripting java.security.jgss java.transaction.xa java.sql java.sql.rowset java.xml.crypto java.se java.smartcardio jdk.accessibility jdk.internal.jvmstat jdk.attach jdk.charsets jdk.internal.opt jdk.zipfs jdk.compiler jdk.crypto.ec jdk.crypto.cryptoki jdk.dynalink jdk.hotspot.agent jdk.httpserver jdk.internal.ed jdk.internal.le jdk.internal.vm.ci jdk.jartool jdk.javadoc jdk.jcmd jdk.jdeps jdk.jdwp.agent jdk.jdi jdk.jfr jdk.jlink jdk.jsobject jdk.localedata jdk.management jdk.management.agent jdk.management.jfr jdk.naming.dns jdk.naming.rmi jdk.net jdk.sctp jdk.security.auth jdk.security.jgss jdk.unsupported jdk.unsupported.desktop jdk.xml.dom" 
IMPLEMENTOR="JetBrains s.r.o." 
JAVA_RUNTIME_VERSION="21.0.10+-14961533-b1163.108" 
LIBC="default" 
OS_ARCH="x86_64" 
OS_NAME="Windows" 
SOURCE=".:git:1351622c2ff2" 

Environment Variables:
PATH=C:\Program Files (x86)\VMware\VMware Workstation\bin\;C:\Program Files\Common Files\Oracle\Java\javapath;C:\Program Files (x86)\Common Files\Oracle\Java\javapath;C:\Windows\system32;C:\Windows;C:\Windows\System32\Wbem;C:\Windows\System32\WindowsPowerShell\v1.0\;C:\Windows\System32\OpenSSH\;C:\MinGW\bin;C:\Program Files (x86)\Microsoft SQL Server\160\Tools\Binn\;C:\Program Files\Microsoft SQL Server\160\Tools\Binn\;C:\Program Files\Microsoft SQL Server\Client SDK\ODBC\170\Tools\Binn\;C:\Program Files\Microsoft SQL Server\160\DTS\Binn\;C:\Program Files\Microsoft SQL Server\170\DTS\Binn\;D:\Android\cmdline-tools\tools\bin;C:\Program Files\Git\cmd;C:\Users\Mega Store\AppData\Local\Programs\Eclipse Adoptium\jdk-25.0.1.8-hotspot\bin;C:\Program Files (x86)\Common Files\Oracle\Java\javapath;C:\Windows\system32;C:\Windows;C:\Windows\System32\Wbem;C:\Windows\System32\WindowsPowerShell\v1.0\;C:\Windows\System32\OpenSSH\;C:\MinGW\bin;C:\Program Files (x86)\Microsoft SQL Server\160\Tools\Binn\;C:\Program Files\Microsoft SQL Server\160\Tools\Binn\;C:\Program Files\Microsoft SQL Server\Client SDK\ODBC\170\Tools\Binn\;C:\Program Files\Microsoft SQL Server\160\DTS\Binn\;C:\Program Files\Microsoft SQL Server\170\DTS\Binn\;C:\Program Files\Git\cmd;C:\Program Files (x86)\Common Files\Oracle\Java\javapath;C:\Windows\system32;C:\Windows;C:\Windows\System32\Wbem;C:\Windows\System32\WindowsPowerShell\v1.0\;C:\Windows\System32\OpenSSH\;C:\MinGW\bin;C:\Program Files (x86)\Microsoft SQL Server\160\Tools\Binn\;C:\Program Files\Microsoft SQL Server\160\Tools\Binn\;C:\Program Files\Microsoft SQL Server\Client SDK\ODBC\170\Tools\Binn\;C:\Program Files\Microsoft SQL Server\160\DTS\Binn\;C:\Program Files\Microsoft SQL Server\170\DTS\Binn\;C:\Users\Mega Store\AppDa;C:\Users\Mega Store\AppData\Local\Programs\Microsoft VS Code\bin;D:\flutter\bin;
USERNAME=Mega Store
OS=Windows_NT
PROCESSOR_IDENTIFIER=AMD64 Family 23 Model 96 Stepping 1, AuthenticAMD
TMP=C:\Users\MEGAST~1\AppData\Local\Temp
TEMP=C:\Users\MEGAST~1\AppData\Local\Temp




Periodic native trim disabled

JNI global refs:
JNI global refs: 28, weak refs: 1

JNI global refs memory usage: 835, weak refs: 833

Process memory usage:
Resident Set Size: 361544K (2% of 16074040K total physical memory with 227964K free physical memory)

OOME stack traces (most recent first):
Classloader memory used:
Loader org.gradle.internal.classloader.VisitableURLClassLoader                         : 38748K
Loader bootstrap                                                                       : 28022K
Loader org.gradle.initialization.MixInLegacyTypesClassLoader                           : 11246K
Loader org.gradle.internal.classloader.VisitableURLClassLoader$InstrumentingVisitableURLClassLoader: 2768K
Loader jdk.internal.loader.ClassLoaders$PlatformClassLoader                            : 424K
Loader jdk.internal.loader.ClassLoaders$AppClassLoader                                 : 229K
Loader jdk.internal.reflect.DelegatingClassLoader                                      : 154K
Loader org.gradle.internal.classloader.VisitableURLClassLoader                         : 144K
Loader org.gradle.groovy.scripts.internal.DefaultScriptCompilationHandler$ScriptClassLoader: 119K

Classes loaded by more than one classloader:
Class Program                                                                         : loaded 4 times (x 74B)
Class org.gradle.internal.classloader.FilteringClassLoader                            : loaded 2 times (x 105B)
Class ijJvmDebugger1_1qczf46fa49uumzq0vhm9ojcv$_run_closure1$_closure2                : loaded 2 times (x 140B)
Class org.gradle.internal.classloader.ClassLoaderHierarchy                            : loaded 2 times (x 70B)
Class com.google.common.collect.ImmutableList$1                                       : loaded 2 times (x 97B)
Class ijKotlinCoroutineJvmDebugInit1_1a4o3xu062w9c9cu5ljvwy0xi$_run_closure1          : loaded 2 times (x 139B)
Class org.gradle.api.internal.classpath.ManifestUtil                                  : loaded 2 times (x 71B)
Class com.google.common.collect.RegularImmutableMap                                   : loaded 2 times (x 121B)
Class com.google.common.collect.ImmutableMap$MapViewOfValuesAsSingletonSets           : loaded 2 times (x 126B)
Class com.google.common.collect.UnmodifiableListIterator                              : loaded 2 times (x 95B)
Class org.gradle.internal.classloader.DefaultClassLoaderFactory                       : loaded 2 times (x 82B)
Class org.gradle.internal.classloader.ClassLoaderVisitor                              : loaded 2 times (x 76B)
Class [Lcom.google.common.collect.ImmutableMapEntry;                                  : loaded 2 times (x 69B)
Class org.gradle.api.internal.classpath.EffectiveClassPath                            : loaded 2 times (x 90B)
Class com.google.common.collect.ImmutableEnumMap                                      : loaded 2 times (x 126B)
Class org.gradle.api.internal.DefaultClassPathProvider                                : loaded 2 times (x 76B)
Class [Lorg.gradle.api.internal.ClassPathProvider;                                    : loaded 2 times (x 69B)
Class org.gradle.api.internal.ClassPathProvider                                       : loaded 2 times (x 70B)
Class org.gradle.internal.service.UnknownServiceException                             : loaded 2 times (x 83B)
Class com.google.common.collect.MapDifference                                         : loaded 2 times (x 70B)
Class org.gradle.internal.classpath.TransformedClassPath                              : loaded 2 times (x 96B)
Class org.gradle.internal.classloader.InstrumentingClassLoader                        : loaded 2 times (x 70B)
Class com.google.common.collect.Iterators$ArrayItr                                    : loaded 2 times (x 97B)
Class com.google.common.collect.ImmutableCollection$Builder                           : loaded 2 times (x 76B)
Class com.google.common.collect.UnmodifiableIterator                                  : loaded 2 times (x 80B)
Class org.gradle.internal.service.ServiceLocator                                      : loaded 2 times (x 70B)
Class com.google.common.collect.Iterators$SingletonIterator                           : loaded 2 times (x 81B)
Class com.google.common.collect.AbstractMapEntry                                      : loaded 2 times (x 81B)
Class com.google.common.collect.RegularImmutableAsList                                : loaded 2 times (x 217B)
Class com.google.common.collect.Iterators                                             : loaded 2 times (x 71B)
Class org.gradle.kotlin.dsl.VersionCatalogAccessorsKt                                 : loaded 2 times (x 71B)
Class ijJvmDebugger1_1qczf46fa49uumzq0vhm9ojcv$_run_closure1                          : loaded 2 times (x 139B)
Class org.gradle.internal.classloader.ClasspathUtil$1                                 : loaded 2 times (x 76B)
Class com.google.common.collect.IndexedImmutableSet                                   : loaded 2 times (x 152B)
Class com.google.common.collect.ImmutableMap$1                                        : loaded 2 times (x 81B)
Class com.google.common.collect.BiMap                                                 : loaded 2 times (x 70B)
Class ijJvmDebugger1_1qczf46fa49uumzq0vhm9ojcv                                        : loaded 2 times (x 171B)
Class org.gradle.api.internal.classpath.DefaultModuleRegistry$DefaultModule           : loaded 2 times (x 86B)
Class com.google.common.collect.AbstractIterator                                      : loaded 2 times (x 82B)
Class com.google.common.collect.AbstractIndexedListIterator                           : loaded 2 times (x 96B)
Class com.google.common.collect.ImmutableMapEntrySet                                  : loaded 2 times (x 152B)
Class org.gradle.api.internal.classpath.Module                                        : loaded 2 times (x 70B)
Class org.gradle.api.internal.classpath.UnknownModuleException                        : loaded 2 times (x 82B)
Class com.google.common.collect.ImmutableMap$Builder                                  : loaded 2 times (x 82B)
Class ijKotlinCoroutineJvmDebugInit1_1a4o3xu062w9c9cu5ljvwy0xi                        : loaded 2 times (x 171B)
Class org.gradle.api.internal.DefaultClassPathRegistry                                : loaded 2 times (x 76B)
Class org.gradle.api.internal.ClassPathRegistry                                       : loaded 2 times (x 70B)
Class org.gradle.internal.classpath.DefaultClassPath$ImmutableUniqueList              : loaded 2 times (x 199B)
Class com.google.common.collect.SingletonImmutableList                                : loaded 2 times (x 207B)
Class com.google.common.collect.RegularImmutableMap$KeySet                            : loaded 2 times (x 152B)
Class Settings_gradle$1                                                               : loaded 2 times (x 74B)
Class ijKotlinCoroutineJvmDebugInit1_1a4o3xu062w9c9cu5ljvwy0xi$_run_closure1$_closure2: loaded 2 times (x 139B)
Class org.gradle.internal.classpath.ClassPath                                         : loaded 2 times (x 70B)
Class com.google.common.collect.ImmutableList$ReverseImmutableList                    : loaded 2 times (x 209B)
Class com.google.common.collect.Iterators$1                                           : loaded 2 times (x 81B)
Class com.google.common.collect.SingletonImmutableSet                                 : loaded 2 times (x 146B)
Class com.google.common.collect.ImmutableMap$IteratorBasedImmutableMap                : loaded 2 times (x 126B)
Class com.google.common.collect.Iterators$4                                           : loaded 2 times (x 82B)
Class com.google.common.collect.ImmutableBiMap                                        : loaded 2 times (x 143B)
Class org.gradle.api.internal.classpath.ModuleRegistry                                : loaded 2 times (x 70B)
Class org.gradle.internal.installation.GradleInstallation$1                           : loaded 2 times (x 75B)
Class com.google.common.collect.Iterators$5                                           : loaded 2 times (x 82B)
Class com.google.common.collect.ImmutableCollection                                   : loaded 2 times (x 125B)
Class org.gradle.api.internal.classpath.DefaultModuleRegistry                         : loaded 2 times (x 86B)
Class com.google.common.base.Converter                                                : loaded 2 times (x 90B)
Class com.google.common.collect.ImmutableSet$CachingAsList                            : loaded 2 times (x 148B)
Class com.google.common.collect.Iterators$9                                           : loaded 2 times (x 81B)
Class com.google.common.collect.ImmutableAsList                                       : loaded 2 times (x 209B)
Class org.gradle.internal.service.ServiceLookupException                              : loaded 2 times (x 82B)
Class org.gradle.internal.classloader.ClassLoaderFactory                              : loaded 2 times (x 70B)
Class org.gradle.internal.service.CachingServiceLocator                               : loaded 2 times (x 82B)
Class com.google.common.collect.ImmutableMapEntry                                     : loaded 2 times (x 85B)
Class com.google.common.base.Function                                                 : loaded 2 times (x 70B)
Class com.google.common.collect.ImmutableMapEntry$NonTerminalImmutableMapEntry        : loaded 2 times (x 85B)
Class com.google.common.collect.RegularImmutableList                                  : loaded 2 times (x 213B)
Class org.gradle.internal.classloader.ClasspathUtil                                   : loaded 2 times (x 71B)
Class com.google.common.collect.Maps                                                  : loaded 2 times (x 71B)
Class org.gradle.api.specs.Spec                                                       : loaded 2 times (x 70B)
Class [Lcom.google.common.collect.ImmutableEntry;                                     : loaded 2 times (x 69B)
Class com.google.common.collect.Maps$8                                                : loaded 2 times (x 82B)
Class org.gradle.internal.classloader.VisitableURLClassLoader$InstrumentingVisitableURLClassLoader: loaded 2 times (x 123B)
Class org.gradle.internal.classloader.VisitableURLClassLoader$Spec                    : loaded 2 times (x 74B)
Class org.gradle.internal.classpath.DefaultClassPath                                  : loaded 2 times (x 90B)
Class com.google.common.collect.ImmutableSet                                          : loaded 2 times (x 145B)
Class com.google.common.collect.RegularImmutableMap$Values                            : loaded 2 times (x 207B)
Class org.gradle.internal.classloader.ClassLoaderSpec                                 : loaded 2 times (x 71B)
Class Settings_gradle$1$1                                                             : loaded 2 times (x 74B)
Class org.gradle.internal.classloader.VisitableURLClassLoader                         : loaded 2 times (x 117B)
Class Settings_gradle                                                                 : loaded 2 times (x 124B)
Class org.gradle.internal.Cast                                                        : loaded 2 times (x 71B)
Class org.gradle.api.Action                                                           : loaded 2 times (x 70B)
Class com.google.common.collect.ImmutableMap                                          : loaded 2 times (x 120B)
Class org.gradle.internal.classpath.DefaultClassPath$ImmutableUniqueList$Builder      : loaded 2 times (x 75B)
Class [Lcom.google.common.collect.AbstractMapEntry;                                   : loaded 2 times (x 69B)
Class com.google.common.collect.ImmutableEntry                                        : loaded 2 times (x 82B)
Class org.gradle.api.GradleException                                                  : loaded 2 times (x 82B)
Class com.google.common.collect.CollectPreconditions                                  : loaded 2 times (x 71B)
Class com.google.common.collect.SortedMapDifference                                   : loaded 2 times (x 70B)
Class org.gradle.internal.IoActions                                                   : loaded 2 times (x 71B)
Class com.google.common.collect.ImmutableSet$RegularSetBuilderImpl                    : loaded 2 times (x 77B)
Class org.gradle.internal.classloader.SystemClassLoaderSpec                           : loaded 2 times (x 71B)
Class com.google.common.collect.RegularImmutableMap$BucketOverflowException           : loaded 2 times (x 82B)
Class com.google.common.collect.Hashing                                               : loaded 2 times (x 71B)
Class com.google.common.base.Preconditions                                            : loaded 2 times (x 71B)
Class com.google.common.collect.PeekingIterator                                       : loaded 2 times (x 70B)
Class org.gradle.api.internal.classpath.GlobalCacheRootsProvider                      : loaded 2 times (x 70B)
Class com.google.common.collect.Maps$BiMapConverter                                   : loaded 2 times (x 90B)
Class com.google.common.collect.ImmutableMapEntrySet$RegularEntrySet                  : loaded 2 times (x 152B)
Class Build_gradle                                                                    : loaded 2 times (x 72B)
Class org.gradle.internal.installation.CurrentGradleInstallationLocator               : loaded 2 times (x 71B)
Class com.google.common.collect.ImmutableList                                         : loaded 2 times (x 206B)
Class org.gradle.internal.service.DefaultServiceLocator                               : loaded 2 times (x 83B)
Class com.google.common.collect.ImmutableSet$SetBuilderImpl                           : loaded 2 times (x 76B)
Class org.gradle.internal.installation.CurrentGradleInstallation                      : loaded 2 times (x 73B)
Class com.google.common.collect.ImmutableList$SubList                                 : loaded 2 times (x 209B)
Class org.gradle.util.internal.GUtil                                                  : loaded 2 times (x 71B)
Class com.google.common.collect.Iterators$MergingIterator                             : loaded 2 times (x 81B)
Class com.google.common.collect.RegularImmutableSet                                   : loaded 2 times (x 149B)
Class org.gradle.internal.installation.GradleInstallation                             : loaded 2 times (x 75B)

---------------  S Y S T E M  ---------------

OS:
 Windows 10 , 64 bit Build 19041 (10.0.19041.5915)
OS uptime: 0 days 5:22 hours

CPU: total 12 (initial active 12) (12 cores per cpu, 2 threads per core) family 23 model 96 stepping 1 microcode 0x0, cx8, cmov, fxsr, ht, mmx, 3dnowpref, sse, sse2, sse3, ssse3, sse4a, sse4.1, sse4.2, popcnt, lzcnt, tsc, tscinvbit, avx, avx2, aes, clmul, bmi1, bmi2, adx, sha, fma, vzeroupper, clflush, clflushopt, rdtscp, rdpid, f16c
Processor Information for processor 0
  Max Mhz: 2100, Current Mhz: 2100, Mhz Limit: 2100
Processor Information for processor 1
  Max Mhz: 2100, Current Mhz: 2100, Mhz Limit: 2100
Processor Information for processor 2
  Max Mhz: 2100, Current Mhz: 2100, Mhz Limit: 2100
Processor Information for processor 3
  Max Mhz: 2100, Current Mhz: 2100, Mhz Limit: 2100
Processor Information for processor 4
  Max Mhz: 2100, Current Mhz: 2100, Mhz Limit: 2100
Processor Information for processor 5
  Max Mhz: 2100, Current Mhz: 2100, Mhz Limit: 2100
Processor Information for processor 6
  Max Mhz: 2100, Current Mhz: 2100, Mhz Limit: 2100
Processor Information for processor 7
  Max Mhz: 2100, Current Mhz: 2100, Mhz Limit: 2100
Processor Information for processor 8
  Max Mhz: 2100, Current Mhz: 2100, Mhz Limit: 2100
Processor Information for processor 9
  Max Mhz: 2100, Current Mhz: 2100, Mhz Limit: 2100
Processor Information for processor 10
  Max Mhz: 2100, Current Mhz: 1400, Mhz Limit: 2100
Processor Information for processor 11
  Max Mhz: 2100, Current Mhz: 1400, Mhz Limit: 2100

Memory: 4k page, system-wide physical 15697M (221M free)
TotalPageFile size 27805M (AvailPageFile size 6M)
current process WorkingSet (physical memory assigned to process): 353M, peak: 353M
current process commit charge ("private bytes"): 396M, peak: 398M

vm_info: OpenJDK 64-Bit Server VM (21.0.10+-14961533-b1163.108) for windows-amd64 JRE (21.0.10+-14961533-b1163.108), built on 2026-03-02T19:58:50Z by "builder" with MS VC++ 16.10 / 16.11 (VS2019)

END.
